--------------------------
COLLOQUOR 3.0
--------------------------

Setting Variables 
Variables set, calling UI. 
Loading Colloquor, Current directory: A:\MARSH\ssh\Colloquor
CLS Done: A:\MARSH\ssh\Colloquor\Channels\Main
Displayed users, A:\MARSH\ssh\Colloquor\Channels\Main
CLS Done: A:\MARSH\ssh\Colloquor\Channels\Main
Displayed users, A:\MARSH\ssh\Colloquor\Channels\Main
--------------------------
COLLOQUOR 3.0
--------------------------

Setting Variables 
Variables set, calling UI. 
Loading Colloquor, Current directory: A:\MARSH\ssh\Colloquor
--------------------------
COLLOQUOR 3.0
--------------------------

Setting Variables 
Variables set, calling UI. 
Loading Colloquor, Current directory: A:\MARSH\ssh\Colloquor
CLS Done: A:\MARSH\ssh\Colloquor\Channels\Main
Displayed users, A:\MARSH\ssh\Colloquor\Channels\Main
CLS Done: A:\MARSH\ssh\Colloquor\Channels\Main
Displayed users, A:\MARSH\ssh\Colloquor\Channels\Main
Wrote to A:\MARSH\ssh\Colloquor\Channels\Main\CHAT.tmp
Wrote to A:\MARSH\ssh\Colloquor\Channels\Main\CHAT.tmp
Wrote to A:\MARSH\ssh\Colloquor\Channels\Main\CHAT.tmp
Wrote to A:\MARSH\ssh\Colloquor\Channels\Main\CHAT.tmp
Wrote to A:\MARSH\ssh\Colloquor\Channels\Main\CHAT.tmp
Wrote to A:\MARSH\ssh\Colloquor\Channels\Main\CHAT.tmp
CLS Done: A:\MARSH\ssh\Colloquor\Channels\Main
Displayed users, A:\MARSH\ssh\Colloquor\Channels\Main
CLS Done: A:\MARSH\ssh\Colloquor\Channels\Main
Displayed users, A:\MARSH\ssh\Colloquor\Channels\Main
CLS Done: A:\MARSH\ssh\Colloquor\Channels\Main
Displayed users, A:\MARSH\ssh\Colloquor\Channels\Main
Wrote to A:\MARSH\ssh\Colloquor\Channels\Main\CHAT.tmp
Wrote to A:\MARSH\ssh\Colloquor\Channels\Main\CHAT.tmp
Wrote to A:\MARSH\ssh\Colloquor\Channels\Main\CHAT.tmp
--------------------------
COLLOQUOR 3.0
--------------------------

Setting Variables 
Variables set, calling UI. 
Loading Colloquor, Current directory: A:\MARSH\ssh\Colloquor
CLS Done: A:\MARSH\ssh\Colloquor\Channels\Main
Displayed users, A:\MARSH\ssh\Colloquor\Channels\Main
CLS Done: A:\MARSH\ssh\Colloquor\Channels\Main
Displayed users, A:\MARSH\ssh\Colloquor\Channels\Main
CLS Done: A:\MARSH\ssh\Colloquor\Channels\Main
Displayed users, A:\MARSH\ssh\Colloquor\Channels\Main
Wrote to A:\MARSH\ssh\Colloquor\Channels\Main\CHAT.tmp
--------------------------
COLLOQUOR 3.0
--------------------------

Setting Variables 
Variables set, calling UI. 
Loading Colloquor, Current directory: A:\MARSH\ssh\Colloquor
--------------------------
COLLOQUOR 3.0
--------------------------

Setting Variables 
Variables set, calling UI. 
Loading Colloquor, Current directory: A:\MARSH\ssh\Colloquor
CLS Done: A:\MARSH\ssh\Colloquor\Channels\Main
Displayed users, A:\MARSH\ssh\Colloquor\Channels\Main
Wrote to A:\MARSH\ssh\Colloquor\Channels\Main\CHAT.tmp
Wrote to A:\MARSH\ssh\Colloquor\Channels\Main\CHAT.tmp
Password.dll found on A:\MARSH\ssh\Colloquor\Channels\Private1, Asking
CLS Done: A:\MARSH\ssh\Colloquor\Channels\Private1
Displayed users, A:\MARSH\ssh\Colloquor\Channels\Private1
--------------------------
COLLOQUOR 3.0
--------------------------

Setting Variables 
Variables set, calling UI. 
Loading Colloquor, Current directory: A:\MARSH\ssh\Colloquor
--------------------------
COLLOQUOR 3.0
--------------------------

Setting Variables 
Variables set, calling UI. 
Loading Colloquor, Current directory: A:\MARSH\ssh\Colloquor
--------------------------
COLLOQUOR 3.0
--------------------------

Setting Variables 
Variables set, calling UI. 
Loading Colloquor, Current directory: A:\MARSH\ssh\Colloquor
--------------------------
COLLOQUOR 3.0
--------------------------

Setting Variables 
Variables set, calling UI. 
Loading Colloquor, Current directory: A:\MARSH\ssh\Colloquor
--------------------------
COLLOQUOR 3.0
--------------------------

Setting Variables 
Variables set, calling UI. 
Loading Colloquor, Current directory: A:\MARSH\ssh\Colloquor
CLS Done: A:\MARSH\ssh\Colloquor\Channels\Main
Displayed users, A:\MARSH\ssh\Colloquor\Channels\Main
CLS Done: A:\MARSH\ssh\Colloquor\Channels\Main
Displayed users, A:\MARSH\ssh\Colloquor\Channels\Main
Wrote to A:\MARSH\ssh\Colloquor\Channels\Main\CHAT.tmp
Wrote to A:\MARSH\ssh\Colloquor\Channels\Main\CHAT.tmp
Wrote to A:\MARSH\ssh\Colloquor\Channels\Main\CHAT.tmp
Wrote to A:\MARSH\ssh\Colloquor\Channels\Main\CHAT.tmp
Wrote to A:\MARSH\ssh\Colloquor\Channels\Main\CHAT.tmp
Wrote to A:\MARSH\ssh\Colloquor\Channels\Main\CHAT.tmp
Wrote to A:\MARSH\ssh\Colloquor\Channels\Main\CHAT.tmp
Wrote to A:\MARSH\ssh\Colloquor\Channels\Main\CHAT.tmp
CLS Done: A:\MARSH\ssh\Colloquor\Channels\Main
Displayed users, A:\MARSH\ssh\Colloquor\Channels\Main
CLS Done: A:\MARSH\ssh\Colloquor\Channels\Main
Displayed users, A:\MARSH\ssh\Colloquor\Channels\Main
Wrote to A:\MARSH\ssh\Colloquor\Channels\Main\CHAT.tmp
CLS Done: A:\MARSH\ssh\Colloquor\Channels\Main
Displayed users, A:\MARSH\ssh\Colloquor\Channels\Main
Wrote to A:\MARSH\ssh\Colloquor\Channels\Main\CHAT.tmp
Wrote to A:\MARSH\ssh\Colloquor\Channels\Main\CHAT.tmp
Wrote to A:\MARSH\ssh\Colloquor\Channels\Main\CHAT.tmp
Wrote to A:\MARSH\ssh\Colloquor\Channels\Main\CHAT.tmp
Wrote to A:\MARSH\ssh\Colloquor\Channels\Main\CHAT.tmp
CLS Done: A:\MARSH\ssh\Colloquor\Channels\Main
Displayed users, A:\MARSH\ssh\Colloquor\Channels\Main
Wrote to A:\MARSH\ssh\Colloquor\Channels\Main\CHAT.tmp
Wrote to A:\MARSH\ssh\Colloquor\Channels\Main\CHAT.tmp
Wrote to A:\MARSH\ssh\Colloquor\Channels\Main\CHAT.tmp
Wrote to A:\MARSH\ssh\Colloquor\Channels\Main\CHAT.tmp
CLS Done: A:\MARSH\ssh\Colloquor\Channels\Main
Displayed users, A:\MARSH\ssh\Colloquor\Channels\Main
Wrote to A:\MARSH\ssh\Colloquor\Channels\Main\CHAT.tmp
Wrote to A:\MARSH\ssh\Colloquor\Channels\Main\CHAT.tmp
CLS Done: A:\MARSH\ssh\Colloquor\Channels\Main
Displayed users, A:\MARSH\ssh\Colloquor\Channels\Main
CLS Done: A:\MARSH\ssh\Colloquor\Channels\Main
Displayed users, A:\MARSH\ssh\Colloquor\Channels\Main
--------------------------
COLLOQUOR 3.0
--------------------------

Setting Variables 
Variables set, calling UI. 
Loading Colloquor, Current directory: A:\MARSH\ssh\Colloquor
CLS Done: A:\MARSH\ssh\Colloquor\Channels\Main
Displayed users, A:\MARSH\ssh\Colloquor\Channels\Main
--------------------------
COLLOQUOR 3.0
--------------------------

Setting Variables 
Variables set, calling UI. 
Loading Colloquor, Current directory: A:\MARSH\ssh\Colloquor
CLS Done: A:\MARSH\ssh\Colloquor\Channels\Main
Displayed users, A:\MARSH\ssh\Colloquor\Channels\Main
CLS Done: A:\MARSH\ssh\Colloquor\Channels\Main
Displayed users, A:\MARSH\ssh\Colloquor\Channels\Main
CLS Done: A:\MARSH\ssh\Colloquor\Channels\Main
Displayed users, A:\MARSH\ssh\Colloquor\Channels\Main
CLS Done: A:\MARSH\ssh\Colloquor\Channels\Main
Displayed users, A:\MARSH\ssh\Colloquor\Channels\Main
Wrote to A:\MARSH\ssh\Colloquor\Channels\Main\CHAT.tmp
Wrote to A:\MARSH\ssh\Colloquor\Channels\Main\CHAT.tmp
CLS Done: A:\MARSH\ssh\Colloquor\Channels\Main
Displayed users, A:\MARSH\ssh\Colloquor\Channels\Main
Password.dll found on A:\MARSH\ssh\Colloquor\Channels\Private1, Asking
CLS Done: A:\MARSH\ssh\Colloquor\Channels\Private1
Displayed users, A:\MARSH\ssh\Colloquor\Channels\Private1
Wrote to A:\MARSH\ssh\Colloquor\Channels\Private1\CHAT.tmp
Wrote to A:\MARSH\ssh\Colloquor\Channels\Private1\CHAT.tmp
Wrote to A:\MARSH\ssh\Colloquor\Channels\Private1\CHAT.tmp
Wrote to A:\MARSH\ssh\Colloquor\Channels\Private1\CHAT.tmp
CLS Done: A:\MARSH\ssh\Colloquor\Channels\Private1
Displayed users, A:\MARSH\ssh\Colloquor\Channels\Private1
--------------------------
COLLOQUOR 3.0
--------------------------

Setting Variables 
Variables set, calling UI. 
Loading Colloquor, Current directory: A:\MARSH\ssh\Colloquor
Password.dll found on A:\MARSH\ssh\Colloquor\Channels\Private2, Asking
CLS Done: A:\MARSH\ssh\Colloquor\Channels\Private2
Displayed users, A:\MARSH\ssh\Colloquor\Channels\Private2
Wrote to A:\MARSH\ssh\Colloquor\Channels\Private2\CHAT.tmp
Wrote to A:\MARSH\ssh\Colloquor\Channels\Private2\CHAT.tmp
Wrote to A:\MARSH\ssh\Colloquor\Channels\Private2\CHAT.tmp
CLS Done: A:\MARSH\ssh\Colloquor\Channels\Main
Displayed users, A:\MARSH\ssh\Colloquor\Channels\Main
--------------------------
COLLOQUOR 3.0
--------------------------

Setting Variables 
Variables set, calling UI. 
Loading Colloquor, Current directory: A:\MARSH\ssh\Colloquor
CLS Done: A:\MARSH\ssh\Colloquor\Channels\Main
Displayed users, A:\MARSH\ssh\Colloquor\Channels\Main
Wrote to A:\MARSH\ssh\Colloquor\Channels\Main\CHAT.tmp
Wrote to A:\MARSH\ssh\Colloquor\Channels\Main\CHAT.tmp
Wrote to A:\MARSH\ssh\Colloquor\Channels\Main\CHAT.tmp
Wrote to A:\MARSH\ssh\Colloquor\Channels\Main\CHAT.tmp
--------------------------
COLLOQUOR 3.0
--------------------------

Setting Variables 
Variables set, calling UI. 
Loading Colloquor, Current directory: A:\MARSH\ssh\Colloquor
CLS Done: A:\MARSH\ssh\Colloquor\Channels\Main
Displayed users, A:\MARSH\ssh\Colloquor\Channels\Main
Wrote to A:\MARSH\ssh\Colloquor\Channels\Main\CHAT.tmp
Wrote to A:\MARSH\ssh\Colloquor\Channels\Main\CHAT.tmp
Wrote to A:\MARSH\ssh\Colloquor\Channels\Main\CHAT.tmp
--------------------------
COLLOQUOR 3.0
--------------------------

Setting Variables 
Variables set, calling UI. 
Loading Colloquor, Current directory: A:\MARSH\ssh\Colloquor
CLS Done: A:\MARSH\ssh\Colloquor\Channels\Main
Displayed users, A:\MARSH\ssh\Colloquor\Channels\Main
Wrote to A:\MARSH\ssh\Colloquor\Channels\Main\CHAT.tmp
Wrote to A:\MARSH\ssh\Colloquor\Channels\Main\CHAT.tmp
CLS Done: A:\MARSH\ssh\Colloquor\Channels\Main
Displayed users, A:\MARSH\ssh\Colloquor\Channels\Main
CLS Done: A:\MARSH\ssh\Colloquor\Channels\Main
Displayed users, A:\MARSH\ssh\Colloquor\Channels\Main
Wrote to A:\MARSH\ssh\Colloquor\Channels\Main\CHAT.tmp
Wrote to A:\MARSH\ssh\Colloquor\Channels\Main\CHAT.tmp
--------------------------
COLLOQUOR 3.0
--------------------------

Setting Variables 
Variables set, calling UI. 
Loading Colloquor, Current directory: A:\MARSH\ssh\Colloquor
CLS Done: A:\MARSH\ssh\Colloquor\Channels\Main
Displayed users, A:\MARSH\ssh\Colloquor\Channels\Main
--------------------------
COLLOQUOR 3.0
--------------------------

Setting Variables 
Variables set, calling UI. 
Loading Colloquor, Current directory: A:\MARSH\ssh\Colloquor
--------------------------
COLLOQUOR 3.0
--------------------------

Setting Variables 
Variables set, calling UI. 
Loading Colloquor, Current directory: A:\MARSH\ssh\Colloquor
--------------------------
COLLOQUOR 3.0
--------------------------

Setting Variables 
Variables set, calling UI. 
Loading Colloquor, Current directory: A:\MARSH\ssh\Colloquor
CLS Done: A:\MARSH\ssh\Colloquor\Channels\Main
Displayed users, A:\MARSH\ssh\Colloquor\Channels\Main
Wrote to A:\MARSH\ssh\Colloquor\Channels\Main\CHAT.tmp
Wrote to A:\MARSH\ssh\Colloquor\Channels\Main\CHAT.tmp
--------------------------
COLLOQUOR 3.0
--------------------------

Setting Variables 
Variables set, calling UI. 
Loading Colloquor, Current directory: A:\MARSH\ssh\Colloquor
CLS Done: A:\MARSH\ssh\Colloquor\Channels\Main
Displayed users, A:\MARSH\ssh\Colloquor\Channels\Main
Wrote to A:\MARSH\ssh\Colloquor\Channels\Main\CHAT.tmp
Wrote to A:\MARSH\ssh\Colloquor\Channels\Main\CHAT.tmp
Wrote to A:\MARSH\ssh\Colloquor\Channels\Main\CHAT.tmp
Wrote to A:\MARSH\ssh\Colloquor\Channels\Main\CHAT.tmp
Wrote to A:\MARSH\ssh\Colloquor\Channels\Main\CHAT.tmp
Wrote to A:\MARSH\ssh\Colloquor\Channels\Main\CHAT.tmp
Wrote to A:\MARSH\ssh\Colloquor\Channels\Main\CHAT.tmp
Wrote to A:\MARSH\ssh\Colloquor\Channels\Main\CHAT.tmp
Wrote to A:\MARSH\ssh\Colloquor\Channels\Main\CHAT.tmp
Wrote to A:\MARSH\ssh\Colloquor\Channels\Main\CHAT.tmp
Wrote to A:\MARSH\ssh\Colloquor\Channels\Main\CHAT.tmp
--------------------------
COLLOQUOR 3.0
--------------------------

Setting Variables 
Variables set, calling UI. 
Loading Colloquor, Current directory: A:\MARSH\ssh\Colloquor
--------------------------
COLLOQUOR 3.0
--------------------------

Setting Variables 
Variables set, calling UI. 
Loading Colloquor, Current directory: A:\MARSH\ssh\Colloquor
CLS Done: A:\MARSH\ssh\Colloquor\Channels\Main
Displayed users, A:\MARSH\ssh\Colloquor\Channels\Main
Wrote to A:\MARSH\ssh\Colloquor\Channels\Main\CHAT.tmp
CLS Done: A:\MARSH\ssh\Colloquor\Channels\Main
Wrote to A:\MARSH\ssh\Colloquor\Channels\Main\CHAT.tmp
CLS Done: A:\MARSH\ssh\Colloquor\Channels\Main
--------------------------
COLLOQUOR 3.0
--------------------------

Setting Variables 
Variables set, calling UI. 
Loading Colloquor, Current directory: A:\MARSH\ssh\Colloquor
CLS Done: A:\MARSH\ssh\Colloquor\Channels\Main
--------------------------
COLLOQUOR 3.0
--------------------------

Setting Variables 
Variables set, calling UI. 
Loading Colloquor, Current directory: A:\MARSH\ssh\Colloquor
CLS Done: A:\MARSH\ssh\Colloquor\Channels\Main
--------------------------
COLLOQUOR 3.0
--------------------------

Setting Variables 
Variables set, calling UI. 
Loading Colloquor, Current directory: A:\MARSH\ssh\Colloquor
CLS Done: A:\MARSH\ssh\Colloquor\Channels\Main
--------------------------
COLLOQUOR 3.0
--------------------------

Setting Variables 
Variables set, calling UI. 
Loading Colloquor, Current directory: A:\MARSH\ssh\Colloquor
CLS Done: A:\MARSH\ssh\Colloquor\Channels\Main
--------------------------
COLLOQUOR 3.0
--------------------------

Setting Variables 
Variables set, calling UI. 
Loading Colloquor, Current directory: A:\MARSH\ssh\Colloquor
CLS Done: A:\MARSH\ssh\Colloquor\Channels\Main
Password.dll found on A:\MARSH\ssh\Colloquor\Channels\Private2, Asking
CLS Done: A:\MARSH\ssh\Colloquor\Channels\Private2
--------------------------
COLLOQUOR 3.0
--------------------------

Setting Variables 
Variables set, calling UI. 
Loading Colloquor, Current directory: A:\MARSH\ssh\Colloquor
--------------------------
COLLOQUOR 3.0
--------------------------

Setting Variables 
Variables set, calling UI. 
Loading Colloquor, Current directory: A:\MARSH\ssh\Colloquor
CLS Done: A:\MARSH\ssh\Colloquor\Channels\Main
--------------------------
COLLOQUOR 3.0
--------------------------

Setting Variables 
Variables set, calling UI. 
Loading Colloquor, Current directory: A:\MARSH\ssh\Colloquor
CLS Done: A:\MARSH\ssh\Colloquor\Channels\Main
--------------------------
COLLOQUOR 3.0
--------------------------

Setting Variables 
Variables set, calling UI. 
Loading Colloquor, Current directory: A:\MARSH\ssh\Colloquor
--------------------------
COLLOQUOR 3.0
--------------------------

Setting Variables 
Variables set, calling UI. 
Loading Colloquor, Current directory: A:\MARSH\ssh\Colloquor
--------------------------
COLLOQUOR 3.0
--------------------------

Setting Variables 
Variables set, calling UI. 
Loading Colloquor, Current directory: A:\MARSH\ssh\Colloquor
CLS Done: A:\MARSH\ssh\Colloquor\Channels\Main
Wrote to A:\MARSH\ssh\Colloquor\Channels\Main\CHAT.tmp
--------------------------
COLLOQUOR 3.0
--------------------------

Setting Variables 
Variables set, calling UI. 
Loading Colloquor, Current directory: A:\MARSH\ssh\Colloquor
CLS Done: A:\MARSH\ssh\Colloquor\Channels\Main
Wrote to A:\MARSH\ssh\Colloquor\Channels\Main\CHAT.tmp
--------------------------
COLLOQUOR 3.0
--------------------------

Setting Variables 
Variables set, calling UI. 
Loading Colloquor, Current directory: A:\MARSH\ssh\Colloquor
CLS Done: A:\MARSH\ssh\Colloquor\Channels\Main
Wrote to A:\MARSH\ssh\Colloquor\Channels\Main\CHAT.tmp
--------------------------
COLLOQUOR 3.0
--------------------------

Setting Variables 
Variables set, calling UI. 
Loading Colloquor, Current directory: A:\MARSH\ssh\Colloquor
CLS Done: A:\MARSH\ssh\Colloquor\Channels\Main
