[Thu 03/22/2018, 13:34:58.49] Igtampe (57174) Logged in 
[Thu 03/22/2018, 13:35:00.27] Igtampe (57174) Logged Out 
[Thu 03/22/2018, 13:35:14.96] UMS Government (33118) Logged in 
[Thu 03/22/2018, 13:35:24.45] UMS Government (33118) Logged Out 
[Thu 03/22/2018, 13:43:13.50] Igtampe (57174) Logged in 
[Thu 03/22/2018, 13:45:12.69] Igtampe (57174) Logged Out 
[Thu 03/22/2018, 13:45:30.06] Igtampe (57174) Logged in 
[Thu 03/22/2018, 13:46:57.28] Igtampe (57174) Logged in 
[Thu 03/22/2018, 13:47:02.09] Igtampe (57174) Logged Out 
[Thu 03/22/2018, 13:49:21.13] Igtampe (57174) Logged in 
[Thu 03/22/2018, 13:49:38.04] Igtampe (57174) Logged Out 
[Thu 03/22/2018, 13:53:52.78] Igtampe (57174) Logged in 
[Thu 03/22/2018, 13:56:09.27] Igtampe (57174) Logged in 
[Thu 03/22/2018, 14:03:44.90] Igtampe (57174) Logged Out 
[Fri 03/23/2018,  8:06:04.26] Igtampe (57174) Logged in 
[Fri 03/23/2018,  8:08:56.81] Igtampe (57174) Logged in 
[Fri 03/23/2018,  8:14:16.67] Igtampe (57174) Logged Out 
[Fri 03/23/2018,  8:15:16.33] Igtampe (57174) Logged in 
[Fri 03/23/2018,  8:15:24.18] Igtampe (57174) Logged Out 
[Fri 03/23/2018,  8:17:53.74] Igtampe (57174) Logged in 
[Fri 03/23/2018,  8:31:48.54] Igtampe (57174) Logged in 
[Fri 03/23/2018,  8:32:04.86] Igtampe (57174) Logged Out 
[Fri 03/23/2018,  8:32:56.26] TestUser1 (55704) Logged in 
[Fri 03/23/2018,  8:33:22.45] TestUser1 (55704) Logged Out 
[Fri 03/23/2018,  8:47:22.23] Igtampe (57174) Logged Out 
[Fri 03/23/2018, 12:11:07.09] Igtampe (57174) Logged in 
[Fri 03/23/2018, 12:18:54.18] Igtampe (57174) Logged Out 
[Fri 03/23/2018, 12:19:35.71] Igtampe (57174) Logged in 
[Fri 03/23/2018, 12:23:02.15] Igtampe (57174) Logged Out 
[Fri 03/23/2018, 12:26:30.40] Igtampe (57174) Logged in 
[Fri 03/23/2018, 12:38:44.10] Igtampe (57174) Logged in 
[Fri 03/23/2018, 12:44:20.28] Igtampe (57174) Logged Out 
[Fri 03/23/2018, 12:44:45.42] Igtampe (57174) Logged in 
[Fri 03/23/2018, 12:44:48.32] Igtampe (57174) Logged Out 
[Fri 03/23/2018, 12:45:56.57] Igtampe (57174) Logged in 
[Fri 03/23/2018, 12:46:02.04] Igtampe (57174) Logged Out 
[Fri 03/23/2018, 12:49:26.92] Igtampe (57174) Logged in 
[Fri 03/23/2018, 12:49:44.82] Igtampe (57174) Logged Out 
[Fri 03/23/2018, 12:55:29.20] Igtampe (57174) Logged in 
[Fri 03/23/2018, 12:55:32.16] Igtampe (57174) Logged Out 
[Fri 03/23/2018, 12:56:20.32] Igtampe (57174) Logged in 
[Fri 03/23/2018, 12:56:23.29] Igtampe (57174) Logged Out 
[Fri 03/23/2018, 12:58:51.81] Igtampe (57174) Logged in 
[Fri 03/23/2018, 13:01:34.67] NotSomeoneSuspicious (05766) Logged in 
[Fri 03/23/2018, 13:04:02.15] NotSomeoneSuspicious (05766) Logged Out 
[Fri 03/23/2018, 13:04:11.10] Igtampe (57174) Logged in 
[Fri 03/23/2018, 13:04:34.83] Igtampe (57174) Logged Out 
[Fri 03/23/2018, 13:04:51.03] Igtampe (57174) Logged in 
[Fri 03/23/2018, 13:05:22.53] Igtampe (57174) Logged Out 
[Fri 03/23/2018, 13:05:45.39] Igtampe (57174) Logged in 
[Fri 03/23/2018, 13:07:39.71] Igtampe (57174) Logged Out 
[Fri 03/23/2018, 13:07:51.42] Igtampe (57174) Logged in 
[Fri 03/23/2018, 13:23:49.89] Igtampe (57174) Logged Out 
[Fri 03/23/2018, 13:23:54.71] NotSomeoneSuspicious (05766) Logged in 
[Fri 03/23/2018, 13:25:22.04] NotSomeoneSuspicious (05766) Logged Out 
[Fri 03/23/2018, 13:25:30.51] Igtampe (57174) Logged in 
[Fri 03/23/2018, 14:49:11.86] Igtampe (57174) Logged Out 
[Fri 03/23/2018, 14:49:17.95] NotSomeoneSuspicious (05766) Logged in 
[Fri 03/23/2018, 14:52:31.30] NotSomeoneSuspicious (05766) Logged Out 
[Fri 03/23/2018, 15:00:45.13] Igtampe (57174) Logged in 
[Fri 03/23/2018, 15:01:38.52] Igtampe (57174) Logged Out 
[Fri 03/23/2018, 15:02:17.45] Igtampe (57174) Logged in 
[Fri 03/23/2018, 15:04:26.97] Igtampe (57174) Logged Out 
[Fri 03/23/2018, 15:04:32.26] NotSomeoneSuspicious (05766) Logged in 
[Fri 03/23/2018, 15:05:46.19] NotSomeoneSuspicious (05766) Logged Out 
[Fri 03/23/2018, 15:05:50.17] Igtampe (57174) Logged in 
[Fri 03/23/2018, 16:10:34.49] Igtampe (57174) Logged Out 
[Fri 03/23/2018, 16:10:39.35] Igtampe (57174) Logged in 
[Fri 03/23/2018, 16:10:42.64] Igtampe (57174) Logged Out 
[Fri 03/23/2018, 16:10:46.00] NotSomeoneSuspicious (05766) Logged in 
[Fri 03/23/2018, 16:12:23.72] NotSomeoneSuspicious (05766) Logged in 
[Fri 03/23/2018, 16:40:46.90] NotSomeoneSuspicious (05766) Logged Out 
[Fri 03/23/2018, 16:54:27.15] Igtampe (57174) Logged in 
[Sat 03/24/2018, 12:17:59.93] Igtampe (57174) Logged Out 
[Sat 03/24/2018, 12:18:03.21] Igtampe (57174) Logged in 
[Sat 03/24/2018, 12:44:31.12] Igtampe (57174) Logged Out 
[Sat 03/24/2018, 12:44:47.09] Igtampe (57174) Logged in 
[Sat 03/24/2018, 12:44:58.75] Igtampe (57174) Logged Out 
[Mon 03/26/2018, 19:54:41.30] Igtampe (57174) Logged in 
[Mon 03/26/2018, 19:55:30.21] Igtampe (57174) Logged Out 
[Mon 03/26/2018, 21:56:08.36] Igtampe (57174) Logged in 
[Mon 03/26/2018, 21:58:12.38] Igtampe (57174) Logged in 
[Mon 03/26/2018, 22:08:34.54] Igtampe (57174) Logged in 
[Mon 03/26/2018, 22:11:05.91] Igtampe (57174) Logged Out 
[Mon 03/26/2018, 22:15:08.56] AAAAAA (06011) Logged in 
[Mon 03/26/2018, 22:15:21.87] AAAAAA (06011) Logged Out 
[Mon 03/26/2018, 22:15:38.98] Xerzim (51573) Logged in 
[Mon 03/26/2018, 22:15:43.61] Xerzim (51573) Logged Out 
[Mon 03/26/2018, 22:17:14.18] Cuarentamil (40000) Logged in 
[Mon 03/26/2018, 22:17:20.65] Cuarentamil (40000) Logged Out 
[Mon 03/26/2018, 22:17:30.81] Igtampe (57174) Logged in 
[Mon 03/26/2018, 22:21:26.47] Igtampe (57174) Logged in 
[Mon 03/26/2018, 22:23:30.96] Igtampe (57174) Logged in 
[Mon 03/26/2018, 22:52:15.61] Igtampe (57174) Logged Out 
[Tue 03/27/2018,  8:00:22.99] Igtampe (57174) Logged in 
[Tue 03/27/2018,  8:03:03.93] Igtampe (57174) Logged in 
[Tue 03/27/2018,  8:30:41.69] Igtampe (57174) Logged Out 
[Fri 03/30/2018, 20:33:35.45] Igtampe (57174) Logged in 
[Fri 03/30/2018, 20:33:46.10] Igtampe (57174) Logged Out 
[Fri 03/30/2018, 20:34:24.20] Igtampe (57174) Logged in 
[Fri 03/30/2018, 20:34:52.17] Igtampe (57174) Logged Out 
[Fri 03/30/2018, 20:34:58.73] Igtampe (57174) Logged in 
[Fri 03/30/2018, 20:35:05.57] Igtampe (57174) Logged Out 
[Fri 03/30/2018, 20:36:00.76] Igtampe (57174) Logged in 
[Fri 03/30/2018, 20:36:03.20] Igtampe (57174) Logged Out 
[Fri 03/30/2018, 20:36:11.38] Igtampe (57174) Logged in 
[Fri 03/30/2018, 20:36:14.43] Igtampe (57174) Logged Out 
[Fri 03/30/2018, 20:42:33.87] Igtampe (57174) Logged in 
[Fri 03/30/2018, 20:46:39.38] Igtampe (57174) Logged in 
[Fri 03/30/2018, 20:47:29.10] Igtampe (57174) Logged Out 
[Fri 03/30/2018, 20:47:38.75] Igtampe (57174) Logged in 
[Fri 03/30/2018, 20:48:15.53] Igtampe (57174) Logged Out 
[Fri 03/30/2018, 20:48:31.66] Igtampe (57174) Logged Out 
[Fri 03/30/2018, 21:01:58.86] Igtampe (57174) Logged in 
[Fri 03/30/2018, 21:02:00.53] Igtampe (57174) Logged Out 
[Fri 03/30/2018, 21:02:13.17] Igtampe (57174) Logged in 
[Fri 03/30/2018, 21:02:14.71] Igtampe (57174) Logged Out 
[Fri 03/30/2018, 21:26:55.66] Igtampe (57174) Logged in 
[Fri 03/30/2018, 21:27:49.93] Igtampe (57174) Logged Out 
[Fri 03/30/2018, 21:28:17.03] Igtampe (57174) Logged in 
[Fri 03/30/2018, 21:28:19.68] Igtampe (57174) Logged Out 
[Fri 03/30/2018, 21:50:55.52] Igtampe (57174) Logged in 
[Fri 03/30/2018, 21:52:17.08] Igtampe (57174) Logged Out 
[Fri 03/30/2018, 23:41:09.26] Igtampe (57174) Logged in 
[Fri 03/30/2018, 23:43:13.36] Igtampe (57174) Logged Out 
[Fri 03/30/2018, 23:43:43.22] UMS Government (33118) Logged in 
[Fri 03/30/2018, 23:48:42.87] UMS Government (33118) Logged Out 
[Fri 03/30/2018, 23:48:46.02] Igtampe (57174) Logged in 
[Fri 03/30/2018, 23:48:56.05] Igtampe (57174) Logged Out 
[Sat 03/31/2018,  8:42:03.25] Igtampe (57174) Logged in 
[Sat 03/31/2018,  9:32:48.11] Igtampe (57174) Logged Out 
[Sat 03/31/2018,  9:32:52.20] NotSomeoneSuspicious (05766) Logged in 
[Sat 03/31/2018,  9:33:36.08] NotSomeoneSuspicious (05766) Logged Out 
[Sat 03/31/2018,  9:33:39.28] Igtampe (57174) Logged in 
[Sat 03/31/2018,  9:33:51.21] Igtampe (57174) Logged Out 
[Sat 03/31/2018,  9:35:30.86] Igtampe (57174) Logged in 
[Sat 03/31/2018,  9:52:54.42] Igtampe (57174) Logged Out 
[Sat 03/31/2018, 12:05:43.28] Igtampe (57174) Logged in 
[Sat 03/31/2018, 12:08:30.02] Igtampe (57174) Logged Out 
[Sat 03/31/2018, 12:10:58.43] Igtampe (57174) Logged in 
[Sat 03/31/2018, 12:12:23.08] Igtampe (57174) Logged Out 
[Sat 03/31/2018, 12:14:07.55] Igtampe (57174) Logged in 
[Sat 03/31/2018, 12:15:06.78] Igtampe (57174) Logged Out 
[Sat 03/31/2018, 14:38:10.70] Igtampe (57174) Logged in 
[Sat 03/31/2018, 14:38:16.30] Igtampe (57174) Logged Out 
[Sat 03/31/2018, 14:38:31.75] UMS Government (33118) Logged in 
[Sat 03/31/2018, 15:05:15.64] UMS Government (33118) Logged Out 
[Sat 03/31/2018, 15:05:35.24] Igtampe (57174) Logged in 
[Sat 03/31/2018, 15:07:11.78] Igtampe (57174) Logged in 
[Sat 03/31/2018, 15:07:50.08] Igtampe (57174) Logged in 
[Sat 03/31/2018, 15:20:10.27] Igtampe (57174) Logged in 
[Sat 03/31/2018, 15:33:07.19] Igtampe (57174) Logged in 
[Sat 03/31/2018, 15:38:56.50] Igtampe (57174) Logged Out 
[Sat 03/31/2018, 17:38:15.33] TestAccount2 (06011) Logged in 
[Sat 03/31/2018, 17:59:35.70] Igtampe (57174) Logged in 
[Sat 03/31/2018, 18:03:02.34] Igtampe (57174) Logged Out 
[Sat 03/31/2018, 21:31:49.22] Igtampe (57174) Logged in 
[Sat 03/31/2018, 22:26:22.16] Igtampe (57174) Logged in 
[Sat 03/31/2018, 22:37:19.70] Igtampe (57174) Logged Out 
[Sun 04/01/2018, 16:55:26.14] Igtampe (57174) Logged in 
[Sun 04/01/2018, 17:16:54.74] Igtampe (57174) Logged Out 
[Sun 04/01/2018, 17:45:14.19] TestAccount2 (06011) Logged in 
[Sun 04/01/2018, 17:46:31.51] NotSomeoneSuspicious (05766) Logged in 
[Sun 04/01/2018, 17:48:01.49] NotSomeoneSuspicious (05766) Logged Out 
[Sun 04/01/2018, 17:48:35.65] Igtampe (57174) Logged in 
[Sun 04/01/2018, 17:48:41.30] Igtampe (57174) Logged Out 
[Sun 04/01/2018, 17:49:00.12] Igtampe (57174) Logged in 
[Sun 04/01/2018, 17:54:40.37] Igtampe (57174) Logged Out 
[Sun 04/01/2018, 19:02:23.83] Igtampe (57174) Logged in 
[Sun 04/01/2018, 19:12:26.98] Igtampe (57174) Logged Out 
[Sun 04/01/2018, 19:12:32.36] TestAccount2 (06011) Logged in 
[Sun 04/01/2018, 19:15:50.60] TestAccount2 (06011) Logged in 
[Sun 04/01/2018, 19:19:01.62] TestAccount2 (06011) Logged Out 
[Sun 04/01/2018, 19:19:04.53] Igtampe (57174) Logged in 
[Sun 04/01/2018, 19:19:08.18] Igtampe (57174) Logged Out 
[Sun 04/01/2018, 19:19:22.65] TestAccount2 (06011) Logged in 
[Sun 04/01/2018, 19:21:25.32] TestAccount2 (06011) Logged Out 
[Sun 04/01/2018, 19:21:28.11] Igtampe (57174) Logged in 
[Sun 04/01/2018, 19:23:39.33] Igtampe (57174) Logged Out 
[Sun 04/01/2018, 19:23:42.57] Igtampe (57174) Logged in 
[Sun 04/01/2018, 19:23:43.97] Igtampe (57174) Logged Out 
[Sun 04/01/2018, 19:23:47.45] TestAccount2 (06011) Logged in 
[Sun 04/01/2018, 19:25:15.05] TestAccount2 (06011) Logged Out 
[Sun 04/01/2018, 19:25:17.71] Igtampe (57174) Logged in 
[Sun 04/01/2018, 19:27:30.96] Igtampe (57174) Logged Out 
[Sun 04/01/2018, 19:27:34.46] TestAccount2 (06011) Logged in 
[Sun 04/01/2018, 19:28:24.57] TestAccount2 (06011) Logged Out 
[Sun 04/01/2018, 19:28:27.08] Igtampe (57174) Logged in 
[Sun 04/01/2018, 19:30:06.23] Igtampe (57174) Logged Out 
[Sun 04/01/2018, 19:30:10.89] TestAccount2 (06011) Logged in 
[Sun 04/01/2018, 19:30:33.17] TestAccount2 (06011) Logged Out 
[Sun 04/01/2018, 19:30:35.73] Igtampe (57174) Logged in 
[Sun 04/01/2018, 19:32:08.23] Igtampe (57174) Logged Out 
[Sun 04/01/2018, 19:34:34.69] TestAccount2 (06011) Logged in 
[Sun 04/01/2018, 19:35:50.98] TestAccount2 (06011) Logged Out 
[Sun 04/01/2018, 19:35:57.54] Igtampe (57174) Logged in 
[Sun 04/01/2018, 19:36:27.65] Igtampe (57174) Logged Out 
[Fri 04/06/2018,  8:57:42.53] Igtampe (57174) Logged in 
[Fri 04/06/2018,  9:43:44.34] Igtampe (57174) Logged Out 
[Fri 04/06/2018, 10:16:55.79] Igtampe (57174) Logged in 
[Fri 04/06/2018, 10:26:32.17] Igtampe (57174) Logged in 
[Fri 04/06/2018, 10:32:11.48] Igtampe (57174) Logged Out 
[Fri 04/13/2018, 17:12:26.46] Igtampe (57174) Logged in 
[Fri 04/13/2018, 17:15:18.11] Igtampe (57174) Logged Out 
[Fri 04/20/2018, 11:34:15.53] Igtampe (57174) Logged in 
[Mon 04/23/2018, 12:19:37.41] Igtampe (57174) Logged in 
[Mon 04/23/2018, 12:42:05.39] Igtampe (57174) Logged Out 
[Mon 05/07/2018, 17:53:01.41] Igtampe (57174) Logged in 
[Mon 05/07/2018, 17:53:04.16] Igtampe (57174) Logged Out 
[Mon 05/07/2018, 18:06:39.67] Igtampe (57174) Logged in 
[Mon 05/07/2018, 18:07:12.60] Igtampe (57174) Logged Out 
[Mon 05/07/2018, 18:07:15.84] Igtampe (57174) Logged in 
[Mon 05/07/2018, 18:07:20.00] Igtampe (57174) Logged Out 
[Mon 05/07/2018, 18:08:12.30] Igtampe (57174) Logged in 
[Mon 05/07/2018, 18:08:13.33] Igtampe (57174) Logged Out 
[Mon 05/07/2018, 18:08:23.77] Igtampe (57174) Logged in 
[Mon 05/07/2018, 18:15:22.42] Igtampe (57174) Logged Out 
[Mon 05/07/2018, 22:27:28.15] Igtampe (57174) Logged in 
[Mon 05/07/2018, 22:27:46.45] Igtampe (57174) Logged Out 
[Mon 05/07/2018, 22:28:00.04] Igtampe (57174) Logged in 
[Mon 05/07/2018, 22:28:01.50] Igtampe (57174) Logged Out 
[Mon 05/07/2018, 22:28:33.18] Igtampe (57174) Logged in 
[Mon 05/07/2018, 22:28:34.63] Igtampe (57174) Logged Out 
[Mon 05/07/2018, 22:37:15.31] Igtampe (57174) Logged in 
[Mon 05/07/2018, 23:43:48.27] Igtampe (57174) Logged in 
[Mon 05/07/2018, 23:44:30.41] Igtampe (57174) Logged Out 
[Tue 05/08/2018,  9:52:19.81] Igtampe (57174) Logged in 
[Tue 05/08/2018, 10:05:32.29] Igtampe (57174) Logged Out 
[Tue 05/08/2018, 10:08:30.74] Igtampe (57174) Logged in 
[Tue 05/08/2018, 10:14:13.74] Igtampe (57174) Logged Out 
[Tue 05/08/2018, 15:06:58.45] Igtampe (57174) Logged in 
[Tue 05/08/2018, 15:13:08.43] Igtampe (57174) Logged Out 
[Tue 05/08/2018, 15:21:30.67] Igtampe (57174) Logged in 
[Tue 05/08/2018, 16:18:57.48] Igtampe (57174) Logged Out 
[Mon 05/14/2018, 13:41:57.96] Igtampe (57174) Logged in 
[Mon 05/14/2018, 13:48:11.19] Igtampe (57174) Logged Out 
[Mon 05/14/2018, 13:48:52.03] Cuarentamil (40000) Logged in 
[Mon 05/14/2018, 13:48:58.65] Cuarentamil (40000) Logged Out 
[Mon 05/14/2018, 13:49:01.59] Igtampe (57174) Logged in 
[Mon 05/14/2018, 13:49:52.64] Igtampe (57174) Logged Out 
[Mon 05/14/2018, 13:49:55.79] Cuarentamil (40000) Logged in 
[Mon 05/14/2018, 13:54:50.03] Cuarentamil (40000) Logged Out 
[Sat 06/02/2018,  9:41:26.43] Igtampe (57174) Logged in 
[Sat 06/02/2018,  9:51:00.13] Igtampe (57174) Logged Out 
[Sat 06/02/2018, 10:12:38.02] Igtampe (57174) Logged in 
[Sat 06/02/2018, 10:31:09.91] Igtampe (57174) Logged in 
[Sat 06/02/2018, 11:06:54.47] Igtampe (57174) Logged Out 
[Thu 06/14/2018, 18:41:42.82] Igtampe (57174) Logged in 
[Thu 06/14/2018, 18:48:07.87] Igtampe (57174) Logged Out 
[Thu 06/14/2018, 19:22:48.75]  (DIR) Logged Out 
[Thu 06/14/2018, 19:26:00.53] Igtampe (57174) Logged in 
[Thu 06/14/2018, 19:26:01.62] Igtampe (57174) Logged Out 
[Thu 06/14/2018, 19:26:31.90] Igtampe (57174) Logged in 
[Thu 06/14/2018, 19:26:34.80] Igtampe (57174) Logged Out 
[Thu 06/14/2018, 19:27:59.20] Igtampe (57174) Logged in 
[Sun 06/17/2018, 18:45:40.44] Igtampe (57174) Logged in 
[Sun 06/17/2018, 18:59:29.84] Igtampe (57174) Logged in 
[Sun 06/17/2018, 18:59:57.43] Igtampe (57174) Logged in 
[Sun 06/17/2018, 19:00:31.00] Igtampe (57174) Logged in 
[Sun 06/17/2018, 19:13:06.78] Igtampe (57174) Logged Out 
[Sun 06/17/2018, 19:22:01.58] Igtampe (57174) Logged in 
[Sun 06/17/2018, 19:22:23.08] Igtampe (57174) Logged Out 
[Thu 08/02/2018, 18:56:15.57] Igtampe (57174) Logged in 
[Thu 08/02/2018, 18:56:25.85] Igtampe (57174) Logged Out 
[Tue 08/14/2018, 17:54:58.41] Igtampe (57174) Logged in 
[Tue 08/14/2018, 17:55:00.95] Igtampe (57174) Logged Out 
[Wed 08/15/2018, 12:00:34.34] Igtampe (57174) Logged in 
[Wed 08/15/2018, 12:00:36.13] Igtampe (57174) Logged Out 
[Wed 08/15/2018, 12:01:49.19] Igtampe (57174) Logged in 
[Wed 08/15/2018, 12:02:06.98] Igtampe (57174) Logged Out 
[Wed 08/22/2018, 13:23:48.78] Igtampe (57174) Logged in 
[Wed 08/22/2018, 13:26:31.63] Igtampe (57174) Logged Out 
[Wed 08/22/2018, 13:31:42.42] Igtampe (57174) Logged in 
[Wed 08/22/2018, 14:10:34.02] Igtampe (57174) Logged Out 
[Wed 08/22/2018, 14:10:40.38] Igtampe (57174) Logged in 
[Wed 08/22/2018, 14:39:36.67] Igtampe (57174) Logged in 
[Wed 08/22/2018, 15:19:56.96] Igtampe (57174) Logged Out 
[Wed 08/22/2018, 15:20:05.98] Igtampe (57174) Logged in 
[Wed 08/22/2018, 15:20:28.33] Igtampe (57174) Logged in 
[Wed 08/22/2018, 15:20:57.07] Igtampe (57174) Logged in 
[Wed 08/22/2018, 15:21:49.08] Igtampe (57174) Logged in 
[Wed 08/22/2018, 15:22:49.20] Igtampe (57174) Logged in 
[Wed 08/22/2018, 16:37:12.48] Igtampe (57174) Logged in 
[Wed 08/22/2018, 16:37:37.32] Igtampe (57174) Logged Out 
[Wed 08/22/2018, 16:37:51.19] Igtampe (57174) Logged in 
[Wed 08/22/2018, 16:38:58.38] Igtampe (57174) Logged Out 
[Wed 08/22/2018, 16:39:04.13] Igtampe (57174) Logged in 
[Wed 08/22/2018, 16:39:27.17] Igtampe (57174) Logged Out 
[Wed 08/22/2018, 16:39:30.78] Igtampe (57174) Logged in 
[Wed 08/22/2018, 16:40:09.93] Igtampe (57174) Logged Out 
[Wed 08/22/2018, 16:40:17.70] Igtampe (57174) Logged in 
[Wed 08/22/2018, 16:41:53.63] Igtampe (57174) Logged Out 
[Wed 08/22/2018, 16:42:00.44] Igtampe (57174) Logged in 
[Wed 08/22/2018, 17:14:17.43] Igtampe (57174) Logged Out 
[Wed 08/22/2018, 17:14:26.88] Igtampe (57174) Logged in 
[Wed 08/22/2018, 17:43:32.89] Igtampe (57174) Logged Out 
[Wed 08/22/2018, 17:43:47.47] Igtampe (exit) Logged Out 
[Wed 08/22/2018, 17:44:02.49] Igtampe (57174) Logged in 
[Wed 08/22/2018, 17:48:40.34] Igtampe (57174) Logged Out 
[Thu 08/23/2018, 11:18:45.42] Igtampe (57174) Logged in 
[Thu 08/23/2018, 11:48:48.13] Igtampe (57174) Logged in 
[Thu 08/23/2018, 11:49:53.57] Igtampe (57174) Logged Out 
[Thu 08/23/2018, 11:49:56.22] Igtampe (57174) Logged in 
[Thu 08/23/2018, 11:53:07.37] Igtampe (57174) Logged Out 
[Thu 08/23/2018, 11:53:09.98] Igtampe (57174) Logged in 
[Thu 08/23/2018, 11:53:26.54] Igtampe (57174) Logged Out 
[Thu 08/23/2018, 11:53:31.77] Igtampe (57174) Logged in 
[Thu 08/23/2018, 12:15:18.56] Igtampe (57174) Logged Out 
[Mon 08/27/2018,  9:41:35.50] Igtampe (57174) Logged in 
[Mon 08/27/2018, 10:41:01.56] Igtampe (57174) Logged in 
[Mon 08/27/2018, 11:19:49.41] Igtampe (57174) Logged in 
[Mon 08/27/2018, 11:31:30.27] Igtampe (57174) Logged Out 
[Mon 08/27/2018, 11:53:48.63] Igtampe (57174) Logged in 
[Mon 08/27/2018, 12:11:07.93] Igtampe (57174) Logged Out 
[Mon 08/27/2018, 13:32:39.26] Igtampe (57174) Logged in 
[Mon 08/27/2018, 13:32:45.21] Igtampe (57174) Logged Out 
[Mon 08/27/2018, 13:32:48.84] Igtampe (57174) Logged in 
[Mon 08/27/2018, 14:28:34.55] Igtampe (57174) Logged in 
[Mon 08/27/2018, 14:28:49.41] Igtampe (57174) Logged Out 
[Mon 08/27/2018, 14:30:10.75] Cuarentamil (40000) Logged in 
[Mon 08/27/2018, 14:30:50.73] Cuarentamil (40000) Logged Out 
[Mon 08/27/2018, 14:30:58.89] Cuarentamil (40000) Logged in 
[Mon 08/27/2018, 14:31:25.99] Cuarentamil (40000) Logged Out 
[Mon 08/27/2018, 14:31:42.88] Cuarentamil (40000) Logged in 
[Mon 08/27/2018, 14:31:45.38] Cuarentamil (40000) Logged Out 
[Mon 08/27/2018, 14:31:58.79] Cuarentamil (40000) Logged in 
[Mon 08/27/2018, 14:32:08.69] Cuarentamil (40000) Logged Out 
[Mon 08/27/2018, 14:33:36.90] Cuarentamil (40000) Logged in 
[Mon 08/27/2018, 14:34:01.01] Cuarentamil (40000) Logged Out 
[Mon 08/27/2018, 14:39:49.01] Cuarentamil (40000) Logged in 
[Mon 08/27/2018, 14:39:57.81] Cuarentamil (40000) Logged Out 
[Mon 08/27/2018, 14:40:22.62] Cuarentamil (40000) Logged in 
[Mon 08/27/2018, 14:40:25.97] Cuarentamil (40000) Logged Out 
[Mon 08/27/2018, 14:41:11.67] Igtampe (57174) Logged in 
[Mon 08/27/2018, 14:41:21.39] Igtampe (57174) Logged Out 
[Mon 08/27/2018, 14:41:41.79] Igtampe (57174) Logged in 
[Mon 08/27/2018, 14:42:38.21] Igtampe (57174) Logged Out 
[Mon 08/27/2018, 15:05:35.21] NewFNTest4 (40940) Logged in 
[Mon 08/27/2018, 15:05:50.39] NewFNTest4 (40940) Logged Out 
[Mon 08/27/2018, 15:10:28.97] Igtampe (57174) Logged in 
[Mon 08/27/2018, 15:59:54.94] Igtampe (57174) Logged Out 
[Mon 08/27/2018, 16:01:01.54] Igtampe (57174) Logged in 
[Mon 08/27/2018, 16:01:14.08] Igtampe (57174) Logged Out 
[Mon 08/27/2018, 16:01:16.13] Igtampe (57174) Logged in 
[Mon 08/27/2018, 16:23:04.44] Igtampe (57174) Logged Out 
[Mon 08/27/2018, 16:23:09.20] Igtampe (57174) Logged in 
[Mon 08/27/2018, 16:23:56.39] Igtampe (57174) Logged Out 
[Mon 08/27/2018, 16:24:00.94] Igtampe (57174) Logged in 
[Mon 08/27/2018, 16:24:14.10] Igtampe (57174) Logged Out 
[Mon 08/27/2018, 16:24:18.58] Igtampe (57174) Logged in 
[Mon 08/27/2018, 16:24:41.29] Igtampe (57174) Logged Out 
[Mon 08/27/2018, 16:24:45.74] Igtampe (57174) Logged in 
[Mon 08/27/2018, 16:27:25.60] Igtampe (57174) Logged Out 
[Mon 08/27/2018, 16:27:30.05] Igtampe (57174) Logged in 
[Mon 08/27/2018, 16:27:43.50] Igtampe (57174) Logged Out 
[Mon 08/27/2018, 16:27:48.30] Igtampe (57174) Logged in 
[Mon 08/27/2018, 16:28:05.23] Igtampe (57174) Logged Out 
[Mon 08/27/2018, 16:28:10.27] Igtampe (57174) Logged in 
[Mon 08/27/2018, 16:28:28.52] Igtampe (57174) Logged Out 
[Mon 08/27/2018, 16:28:33.30] Igtampe (57174) Logged in 
[Mon 08/27/2018, 16:28:37.10] Igtampe (57174) Logged Out 
[Mon 08/27/2018, 16:28:41.52] Igtampe (57174) Logged in 
[Mon 08/27/2018, 16:34:39.99] Igtampe (57174) Logged Out 
[Mon 08/27/2018, 16:34:44.55] Igtampe (57174) Logged in 
[Mon 08/27/2018, 16:35:53.31] Igtampe (57174) Logged Out 
[Mon 08/27/2018, 16:35:59.88] Igtampe (57174) Logged in 
[Mon 08/27/2018, 16:40:25.15] Igtampe (57174) Logged Out 
[Mon 08/27/2018, 16:40:33.40] Igtampe (57174) Logged in 
[Mon 08/27/2018, 16:43:16.33] Igtampe (57174) Logged Out 
[Mon 08/27/2018, 16:43:20.94] Igtampe (57174) Logged in 
[Mon 08/27/2018, 16:43:25.08] Igtampe (57174) Logged Out 
[Mon 08/27/2018, 16:43:36.24] Igtampe (57174) Logged in 
[Mon 08/27/2018, 16:44:00.66] Igtampe (57174) Logged Out 
[Mon 08/27/2018, 16:44:07.10] Igtampe (57174) Logged in 
[Mon 08/27/2018, 17:52:30.84] Igtampe (57174) Logged Out 
[Mon 08/27/2018, 17:52:46.93] Igtampe (57174) Logged in 
[Mon 08/27/2018, 19:46:11.32] Igtampe (57174) Logged Out 
[Mon 08/27/2018, 19:46:18.62] Igtampe (57174) Logged in 
[Mon 08/27/2018, 20:04:06.85] Igtampe (57174) Logged Out 
[Mon 08/27/2018, 20:04:16.94] Igtampe (57174) Logged in 
[Mon 08/27/2018, 22:32:57.85] Igtampe (57174) Logged Out 
[Mon 08/27/2018, 22:33:48.67] Igtampe (57174) Logged in 
[Tue 08/28/2018,  7:43:29.15] Igtampe (57174) Logged Out 
[Tue 08/28/2018,  7:43:35.81] Igtampe (57174) Logged in 
[Tue 08/28/2018,  8:18:33.55] Igtampe (57174) Logged Out 
[Tue 08/28/2018,  8:21:49.98] Igtampe (57174) Logged in 
[Tue 08/28/2018,  9:50:53.57] Igtampe (57174) Logged Out 
[Tue 08/28/2018,  9:51:02.21] Cuarentamil (40000) Logged in 
[Tue 08/28/2018,  9:51:18.20] Cuarentamil (40000) Logged Out 
[Tue 08/28/2018,  9:51:26.96] Igtampe (57174) Logged in 
[Tue 08/28/2018, 11:32:34.08] Igtampe (57174) Logged in 
[Tue 08/28/2018, 14:07:55.26] Igtampe (57174) Logged Out 
[Tue 08/28/2018, 14:08:44.41] Igtampe (57174) Logged in 
[Tue 08/28/2018, 14:21:46.50] Igtampe (57174) Logged in 
[Tue 08/28/2018, 14:23:33.04] Igtampe (57174) Logged in 
[Tue 08/28/2018, 14:25:47.28] Igtampe (57174) Logged in 
[Tue 08/28/2018, 18:00:23.49] Igtampe (57174) Logged Out 
[Wed 08/29/2018, 12:40:52.35] Igtampe (57174) Logged in 
[Wed 08/29/2018, 12:42:47.20] Igtampe (57174) Logged Out 
[Thu 08/30/2018, 17:48:34.11] Igtampe (57174) Logged in 
[Thu 08/30/2018, 17:49:53.96] Igtampe (57174) Logged Out 
[Thu 09/06/2018, 11:38:25.64] Igtampe (57174) Logged in 
[Thu 09/06/2018, 11:38:50.20] Igtampe (57174) Logged Out 
[Thu 09/06/2018, 11:56:16.15] Igtampe (57174) Logged in 
[Thu 09/06/2018, 11:56:23.15] Igtampe (57174) Logged Out 
[Thu 09/20/2018, 19:36:09.35] Igtampe (57174) Logged in 
[Mon 09/24/2018, 19:06:57.42] Igtampe (57174) Logged in 
[Fri 09/28/2018, 12:08:58.05] Igtampe (57174) Logged in 
[Fri 09/28/2018, 13:42:31.01] Igtampe (57174) Logged Out 
[Mon 10/01/2018, 13:15:50.26] Igtampe (57174) Logged in 
[Mon 10/01/2018, 13:17:59.53] Igtampe (57174) Logged Out 
[Thu 10/04/2018, 11:58:56.59] Igtampe (57174) Logged in 
[Thu 10/04/2018, 12:08:30.13] Igtampe (57174) Logged in 
[Thu 10/04/2018, 12:08:44.73] Igtampe (57174) Logged Out 
[Thu 10/04/2018, 12:10:11.72] UMS Government (33118) Logged in 
[Thu 10/04/2018, 12:14:29.20] Igtampe (57174) Logged Out 
[Thu 10/04/2018, 12:14:41.08] UMS Government (33118) Logged Out 
[Sat 10/06/2018, 16:32:20.55] Igtampe (57174) Logged in 
[Sat 10/06/2018, 18:22:27.76] TESTADMIN (00000) Logged in 
[Sat 10/06/2018, 18:23:28.47] Igtampe (57174) Logged in 
[Sat 10/06/2018, 18:25:35.05] TESTADMIN (00000) Logged Out 
[Sat 10/06/2018, 18:25:38.36] TESTADMIN (exit) Logged Out 
[Sat 10/06/2018, 18:25:40.63] TESTADMIN (exit) Logged Out 
[Sat 10/06/2018, 18:25:43.94] Igtampe (57174) Logged Out 
[Wed 10/17/2018, 14:34:24.39] UMS Government (33118) Logged in 
[Wed 10/17/2018, 14:34:46.84] UMS Government (33118) Logged Out 
[Wed 10/17/2018, 14:34:50.90] Igtampe (57174) Logged in 
[Wed 10/17/2018, 14:36:01.92] Igtampe (57174) Logged Out 
[Wed 11/14/2018, 12:04:57.69] Igtampe (57174) Logged in 
[Wed 11/14/2018, 12:05:02.63] Igtampe (57174) Logged Out 
[Wed 11/14/2018, 12:08:37.02] TestAccount (12294) Logged in 
[Wed 11/14/2018, 12:08:46.52] TestAccount (12294) Logged Out 
[Mon 06/03/2019, 19:27:12.33] UMS Government (33118) Logged in 
[Mon 06/03/2019, 19:27:20.61] UMS Government (33118) Logged Out 
[Mon 06/03/2019, 19:27:50.96] UMS Government (33118) Logged in 
[Mon 06/03/2019, 19:30:02.74] UMS Government (33118) Logged Out 
[Mon 12/09/2019, 22:00:31.72] Igtampe (57174) Logged in 
[Mon 12/09/2019, 22:00:41.67] Igtampe (57174) Logged Out 
[Fri 05/08/2020, 16:25:15.29] Igtampe (57174) Logged in 
[Sat 08/15/2020, 17:54:26.90] Igtampe (57174) Logged in 
[Sat 08/15/2020, 17:54:34.17] Igtampe (57174) Logged Out 
[Wed 08/19/2020, 13:33:25.43] Igtampe (57174) Logged in 
[Wed 08/19/2020, 13:33:57.33] Igtampe (57174) Logged Out 
[Fri 08/28/2020,  0:06:34.72] Igtampe (57174) Logged in 
[Fri 08/28/2020,  0:09:11.19] Igtampe (57174) Logged Out 
[Sun 10/11/2020, 21:06:23.86] Igtampe (57174) Logged in 
[Sun 10/11/2020, 21:06:33.72] Igtampe (57174) Logged Out 
[Thu 03/17/2022, 12:21:35.65] Igtampe (57174) Logged in 
[Thu 03/17/2022, 12:26:25.38] Igtampe (57174) Logged in 
[Thu 03/17/2022, 14:51:24.23] Igtampe (57174) Logged Out 
[Tue 08/23/2022, 22:33:19.79] Igtampe (57174) Logged in 
[Tue 08/23/2022, 22:33:41.61] Igtampe (57174) Logged Out 
