[11/30/2018 12:19:38 PM] Loaded user 1 which is 57174 and has an income of 3,830p
[11/30/2018 12:19:38 PM] Loaded user 2 which is 33118 and has an income of 0p
[11/30/2018 12:19:39 PM] Loaded user 3 which is 05766 and has an income of 111p
[11/30/2018 12:19:39 PM] Loaded user 4 which is 09330 and has an income of 1,111p
[11/30/2018 12:19:39 PM] Loaded user 5 which is 50211 and has an income of 0p
[11/30/2018 12:19:39 PM] Loaded user 6 which is 99514 and has an income of 0p
[11/30/2018 12:19:39 PM] Loaded user 7 which is 55704 and has an income of 0p
[11/30/2018 12:19:39 PM] Loaded user 8 which is 69634 and has an income of 0p
[11/30/2018 12:19:39 PM] Loaded user 9 which is 21261 and has an income of 0p
[11/30/2018 12:19:39 PM] Loaded user 10 which is 41649 and has an income of 0p
[11/30/2018 12:19:39 PM] Loaded user 11 which is 52129 and has an income of 0p
[11/30/2018 12:19:39 PM] Loaded user 12 which is 89562 and has an income of 0p
[11/30/2018 12:19:39 PM] Loaded user 13 which is 79870 and has an income of 0p
[11/30/2018 12:19:39 PM] Loaded user 14 which is 83652 and has an income of 0p
[11/30/2018 12:19:39 PM] Loaded user 15 which is 17865 and has an income of 0p
[11/30/2018 12:19:39 PM] Loaded user 16 which is 60890 and has an income of 0p
[11/30/2018 12:19:39 PM] Loaded user 17 which is 64388 and has an income of 0p
[11/30/2018 12:19:39 PM] Loaded user 18 which is 95384 and has an income of 0p
[11/30/2018 12:19:39 PM] Loaded user 19 which is 79063 and has an income of 0p
[11/30/2018 12:19:39 PM] Loaded user 20 which is 58625 and has an income of 0p
[11/30/2018 12:19:39 PM] Loaded user 21 which is 76862 and has an income of 0p
[11/30/2018 12:19:39 PM] Loaded user 22 which is 48964 and has an income of 0p
[11/30/2018 12:19:39 PM] Loaded user 23 which is 06011 and has an income of 6,000p
[11/30/2018 12:19:39 PM] Loaded user 24 which is 51573 and has an income of 0p
[11/30/2018 12:19:39 PM] Loaded user 25 which is 15163 and has an income of 0p
[11/30/2018 12:19:39 PM] Loaded user 26 which is 34035 and has an income of 0p
[11/30/2018 12:19:39 PM] Loaded user 27 which is 46968 and has an income of 0p
[11/30/2018 12:19:39 PM] Loaded user 28 which is 40000 and has an income of 0p
[11/30/2018 12:19:39 PM] Loaded user 29 which is 31092 and has an income of 0p
[11/30/2018 12:19:39 PM] Loaded user 30 which is 82852 and has an income of 0p
[11/30/2018 12:19:39 PM] Loaded user 31 which is 76223 and has an income of 0p
[11/30/2018 12:19:39 PM] Loaded user 32 which is 40940 and has an income of 0p
[11/30/2018 12:19:39 PM] Loaded user 33 which is 28159 and has an income of 0p
[11/30/2018 12:19:39 PM] Loaded user 34 which is 12294 and has an income of 0p
[11/30/2018 12:19:39 PM] Loaded user 35 which is 71787 and has an income of 0p
[11/30/2018 12:19:40 PM] Loaded user 36 which is 14884 and has an income of 0p
[11/30/2018 12:19:40 PM] Loaded user 37 which is 98194 and has an income of 0p
[11/30/2018 12:19:40 PM] Loaded user 38 which is 75633 and has an income of 0p
[11/30/2018 12:19:40 PM] Loaded user 39 which is 57165 and has an income of 0p
[3/6/2019 12:37:47 AM] Loaded user 1 which is 57174 and has an income of 3,830p
[3/6/2019 12:37:47 AM] Loaded user 2 which is 33118 and has an income of 0p
[3/6/2019 12:37:47 AM] Loaded user 3 which is 05766 and has an income of 111p
[3/6/2019 12:37:47 AM] Loaded user 4 which is 09330 and has an income of 1,111p
[3/6/2019 12:37:47 AM] Loaded user 5 which is 50211 and has an income of 0p
[3/6/2019 12:37:47 AM] Loaded user 6 which is 99514 and has an income of 0p
[3/6/2019 12:37:47 AM] Loaded user 7 which is 55704 and has an income of 0p
[3/6/2019 12:37:47 AM] Loaded user 8 which is 69634 and has an income of 0p
[3/6/2019 12:37:48 AM] Loaded user 9 which is 21261 and has an income of 0p
[3/6/2019 12:37:48 AM] Loaded user 10 which is 41649 and has an income of 0p
[3/6/2019 12:37:48 AM] Loaded user 11 which is 52129 and has an income of 0p
[3/6/2019 12:37:48 AM] Loaded user 12 which is 89562 and has an income of 0p
[3/6/2019 12:37:48 AM] Loaded user 13 which is 79870 and has an income of 0p
[3/6/2019 12:37:48 AM] Loaded user 14 which is 83652 and has an income of 0p
[3/6/2019 12:37:48 AM] Loaded user 15 which is 17865 and has an income of 0p
[3/6/2019 12:37:48 AM] Loaded user 16 which is 60890 and has an income of 0p
[3/6/2019 12:37:48 AM] Loaded user 17 which is 64388 and has an income of 0p
[3/6/2019 12:37:48 AM] Loaded user 18 which is 95384 and has an income of 0p
[3/6/2019 12:37:48 AM] Loaded user 19 which is 79063 and has an income of 0p
[3/6/2019 12:37:48 AM] Loaded user 20 which is 58625 and has an income of 0p
[3/6/2019 12:37:48 AM] Loaded user 21 which is 76862 and has an income of 0p
[3/6/2019 12:37:48 AM] Loaded user 22 which is 48964 and has an income of 0p
[3/6/2019 12:37:48 AM] Loaded user 23 which is 06011 and has an income of 6,000p
[3/6/2019 12:37:48 AM] Loaded user 24 which is 51573 and has an income of 0p
[3/6/2019 12:37:48 AM] Loaded user 25 which is 15163 and has an income of 0p
[3/6/2019 12:37:48 AM] Loaded user 26 which is 34035 and has an income of 0p
[3/6/2019 12:37:48 AM] Loaded user 27 which is 46968 and has an income of 0p
[3/6/2019 12:37:49 AM] Loaded user 28 which is 40000 and has an income of 0p
[3/6/2019 12:37:49 AM] Loaded user 29 which is 31092 and has an income of 0p
[3/6/2019 12:37:49 AM] Loaded user 30 which is 82852 and has an income of 0p
[3/6/2019 12:37:49 AM] Loaded user 31 which is 76223 and has an income of 0p
[3/6/2019 12:37:49 AM] Loaded user 32 which is 40940 and has an income of 0p
[3/6/2019 12:37:49 AM] Loaded Corporate user 1 which is 28159 and has an income of 0p
[3/6/2019 12:37:49 AM] Loaded Corporate user 2 which is 12294 and has an income of 0p
[3/6/2019 12:37:49 AM] Loaded Corporate user 3 which is 71787 and has an income of 0p
[3/6/2019 12:37:49 AM] Loaded Corporate user 4 which is 14884 and has an income of 0p
[3/6/2019 12:37:49 AM] Loaded Corporate user 5 which is 98194 and has an income of 0p
[3/6/2019 12:37:49 AM] Loaded Corporate user 6 which is 75633 and has an income of 0p
[3/6/2019 12:37:49 AM] Loaded Corporate user 7 which is 57165 and has an income of 0p
[3/15/2019 11:46:03 AM] Loaded user 1 which is 57174 and has an income of 3,830p
[3/15/2019 11:46:03 AM] Loaded user 2 which is 33118 and has an income of 0p
[3/15/2019 11:46:03 AM] Loaded user 3 which is 05766 and has an income of 111p
[3/15/2019 11:46:03 AM] Loaded user 4 which is 09330 and has an income of 1,111p
[3/15/2019 11:46:03 AM] Loaded user 5 which is 50211 and has an income of 0p
[3/15/2019 11:46:03 AM] Loaded user 6 which is 99514 and has an income of 0p
[3/15/2019 11:46:04 AM] Loaded user 7 which is 55704 and has an income of 0p
[3/15/2019 11:46:04 AM] Loaded user 8 which is 69634 and has an income of 0p
[3/15/2019 11:46:04 AM] Loaded user 9 which is 21261 and has an income of 0p
[3/15/2019 11:46:04 AM] Loaded user 10 which is 41649 and has an income of 0p
[3/15/2019 11:46:04 AM] Loaded user 11 which is 52129 and has an income of 0p
[3/15/2019 11:46:04 AM] Loaded user 12 which is 89562 and has an income of 0p
[3/15/2019 11:46:04 AM] Loaded user 13 which is 79870 and has an income of 0p
[3/15/2019 11:46:04 AM] Loaded user 14 which is 83652 and has an income of 0p
[3/15/2019 11:46:04 AM] Loaded user 15 which is 17865 and has an income of 0p
[3/15/2019 11:46:04 AM] Loaded user 16 which is 60890 and has an income of 0p
[3/15/2019 11:46:04 AM] Loaded user 17 which is 64388 and has an income of 0p
[3/15/2019 11:46:04 AM] Loaded user 18 which is 95384 and has an income of 0p
[3/15/2019 11:46:04 AM] Loaded user 19 which is 79063 and has an income of 0p
[3/15/2019 11:46:04 AM] Loaded user 20 which is 58625 and has an income of 0p
[3/15/2019 11:46:04 AM] Loaded user 21 which is 76862 and has an income of 0p
[3/15/2019 11:46:04 AM] Loaded user 22 which is 48964 and has an income of 0p
[3/15/2019 11:46:04 AM] Loaded user 23 which is 06011 and has an income of 6,000p
[3/15/2019 11:46:04 AM] Loaded user 24 which is 51573 and has an income of 0p
[3/15/2019 11:46:04 AM] Loaded user 25 which is 15163 and has an income of 0p
[3/15/2019 11:46:05 AM] Loaded user 26 which is 34035 and has an income of 0p
[3/15/2019 11:46:05 AM] Loaded user 27 which is 46968 and has an income of 0p
[3/15/2019 11:46:05 AM] Loaded user 28 which is 40000 and has an income of 0p
[3/15/2019 11:46:05 AM] Loaded user 29 which is 31092 and has an income of 0p
[3/15/2019 11:46:05 AM] Loaded user 30 which is 82852 and has an income of 0p
[3/15/2019 11:46:05 AM] Loaded user 31 which is 76223 and has an income of 0p
[3/15/2019 11:46:05 AM] Loaded user 32 which is 40940 and has an income of 0p
[3/15/2019 11:46:05 AM] Applied a tax of (38) to 57174's Income (3830) and completed operation 11432262-(3830*0.01)=11432224
[3/15/2019 11:46:05 AM] Applied a tax of (0) to 33118's Income (0) and completed operation 99919901-(0*0.01)=99919901
[3/15/2019 11:46:05 AM] Applied a tax of (1) to 05766's Income (111) and completed operation 398236-(111*0.01)=398235
[3/15/2019 11:46:05 AM] Applied a tax of (11) to 09330's Income (1111) and completed operation 2400671-(1111*0.01)=2400660
[3/15/2019 11:46:05 AM] Applied a tax of (0) to 50211's Income (0) and completed operation 2400671-(0*0.01)=2400660
[3/15/2019 11:46:05 AM] Applied a tax of (0) to 99514's Income (0) and completed operation 2400671-(0*0.01)=2400660
[3/15/2019 11:46:06 AM] Applied a tax of (0) to 55704's Income (0) and completed operation 2397360-(0*0.01)=2397360
[3/15/2019 11:46:06 AM] Applied a tax of (0) to 69634's Income (0) and completed operation 2397360-(0*0.01)=2397360
[3/15/2019 11:46:06 AM] Applied a tax of (0) to 21261's Income (0) and completed operation 2397360-(0*0.01)=2397360
[3/15/2019 11:46:06 AM] Applied a tax of (0) to 41649's Income (0) and completed operation 2397360-(0*0.01)=2397360
[3/15/2019 11:46:06 AM] Applied a tax of (0) to 52129's Income (0) and completed operation 2397360-(0*0.01)=2397360
[3/15/2019 11:46:06 AM] Applied a tax of (0) to 89562's Income (0) and completed operation 2397360-(0*0.01)=2397360
[3/15/2019 11:46:06 AM] Applied a tax of (0) to 79870's Income (0) and completed operation 2397360-(0*0.01)=2397360
[3/15/2019 11:46:06 AM] Applied a tax of (0) to 83652's Income (0) and completed operation 2397360-(0*0.01)=2397360
[3/15/2019 11:46:06 AM] Applied a tax of (0) to 17865's Income (0) and completed operation 2397360-(0*0.01)=2397360
[3/15/2019 11:46:06 AM] Applied a tax of (0) to 60890's Income (0) and completed operation 2397360-(0*0.01)=2397360
[3/15/2019 11:46:07 AM] Applied a tax of (0) to 64388's Income (0) and completed operation 2397360-(0*0.01)=2397360
[3/15/2019 11:46:07 AM] Applied a tax of (0) to 95384's Income (0) and completed operation 2397360-(0*0.01)=2397360
[3/15/2019 11:46:07 AM] Applied a tax of (0) to 79063's Income (0) and completed operation 2397360-(0*0.01)=2397360
[3/15/2019 11:46:07 AM] Applied a tax of (0) to 58625's Income (0) and completed operation 2397360-(0*0.01)=2397360
[3/15/2019 11:46:07 AM] Applied a tax of (0) to 76862's Income (0) and completed operation 2397360-(0*0.01)=2397360
[3/15/2019 11:46:07 AM] Applied a tax of (0) to 48964's Income (0) and completed operation 2397360-(0*0.01)=2397360
[3/15/2019 11:46:07 AM] Applied a tax of (60) to 06011's Income (6000) and completed operation 506720-(6000*0.01)=506660
[3/15/2019 11:46:07 AM] Applied a tax of (0) to 51573's Income (0) and completed operation 501140-(0*0.01)=501140
[3/15/2019 11:46:07 AM] Applied a tax of (0) to 15163's Income (0) and completed operation 501140-(0*0.01)=501140
[3/15/2019 11:46:07 AM] Applied a tax of (0) to 34035's Income (0) and completed operation 501140-(0*0.01)=501140
[3/15/2019 11:46:08 AM] Applied a tax of (0) to 46968's Income (0) and completed operation 501140-(0*0.01)=501140
[3/15/2019 11:46:08 AM] Applied a tax of (0) to 40000's Income (0) and completed operation 501140-(0*0.01)=501140
[3/15/2019 11:46:08 AM] Applied a tax of (0) to 31092's Income (0) and completed operation 501140-(0*0.01)=501140
[3/15/2019 11:46:08 AM] Applied a tax of (0) to 82852's Income (0) and completed operation 501140-(0*0.01)=501140
[3/15/2019 11:46:08 AM] Applied a tax of (0) to 76223's Income (0) and completed operation 501140-(0*0.01)=501140
[3/15/2019 11:46:08 AM] Applied a tax of (0) to 40940's Income (0) and completed operation 0-(0*0.01)=0
[3/15/2019 11:46:13 AM] Loaded user 1 which is 57174 and has an income of 3,830p
[3/15/2019 11:46:13 AM] Loaded user 2 which is 33118 and has an income of 0p
[3/15/2019 11:46:13 AM] Loaded user 3 which is 05766 and has an income of 111p
[3/15/2019 11:46:13 AM] Loaded user 4 which is 09330 and has an income of 1,111p
[3/15/2019 11:46:13 AM] Loaded user 5 which is 50211 and has an income of 0p
[3/15/2019 11:46:13 AM] Loaded user 6 which is 99514 and has an income of 0p
[3/15/2019 11:46:13 AM] Loaded user 7 which is 55704 and has an income of 0p
[3/15/2019 11:46:13 AM] Loaded user 8 which is 69634 and has an income of 0p
[3/15/2019 11:46:13 AM] Loaded user 9 which is 21261 and has an income of 0p
[3/15/2019 11:46:13 AM] Loaded user 10 which is 41649 and has an income of 0p
[3/15/2019 11:46:13 AM] Loaded user 11 which is 52129 and has an income of 0p
[3/15/2019 11:46:14 AM] Loaded user 12 which is 89562 and has an income of 0p
[3/15/2019 11:46:14 AM] Loaded user 13 which is 79870 and has an income of 0p
[3/15/2019 11:46:14 AM] Loaded user 14 which is 83652 and has an income of 0p
[3/15/2019 11:46:14 AM] Loaded user 15 which is 17865 and has an income of 0p
[3/15/2019 11:46:14 AM] Loaded user 16 which is 60890 and has an income of 0p
[3/15/2019 11:46:14 AM] Loaded user 17 which is 64388 and has an income of 0p
[3/15/2019 11:46:14 AM] Loaded user 18 which is 95384 and has an income of 0p
[3/15/2019 11:46:14 AM] Loaded user 19 which is 79063 and has an income of 0p
[3/15/2019 11:46:14 AM] Loaded user 20 which is 58625 and has an income of 0p
[3/15/2019 11:46:14 AM] Loaded user 21 which is 76862 and has an income of 0p
[3/15/2019 11:46:14 AM] Loaded user 22 which is 48964 and has an income of 0p
[3/15/2019 11:46:14 AM] Loaded user 23 which is 06011 and has an income of 6,000p
[3/15/2019 11:46:14 AM] Loaded user 24 which is 51573 and has an income of 0p
[3/15/2019 11:46:14 AM] Loaded user 25 which is 15163 and has an income of 0p
[3/15/2019 11:46:14 AM] Loaded user 26 which is 34035 and has an income of 0p
[3/15/2019 11:46:14 AM] Loaded user 27 which is 46968 and has an income of 0p
[3/15/2019 11:46:14 AM] Loaded user 28 which is 40000 and has an income of 0p
[3/15/2019 11:46:14 AM] Loaded user 29 which is 31092 and has an income of 0p
[3/15/2019 11:46:14 AM] Loaded user 30 which is 82852 and has an income of 0p
[3/15/2019 11:46:14 AM] Loaded user 31 which is 76223 and has an income of 0p
[3/15/2019 11:46:15 AM] Loaded user 32 which is 40940 and has an income of 0p
[3/15/2019 11:46:15 AM] Loaded Corporate user 33 which is 28159 and has an income of 0p
[3/15/2019 11:46:15 AM] Loaded Corporate user 34 which is USER2:12294 and has an income of 0p
[3/15/2019 11:46:15 AM] Loaded Corporate user 35 which is USER3:71787 and has an income of 0p
[3/15/2019 11:46:15 AM] Loaded Corporate user 36 which is USER4:14884 and has an income of 0p
[3/15/2019 11:46:15 AM] Loaded Corporate user 37 which is USER5:98194 and has an income of 0p
[3/15/2019 11:46:15 AM] Loaded Corporate user 38 which is USER6:75633 and has an income of 0p
[3/15/2019 11:46:15 AM] Loaded Corporate user 39 which is USER7:57165 and has an income of 0p
[3/15/2019 11:46:15 AM] Applied a tax of (38) to 57174's Income (3830) and completed operation 11432224-(3830*0.01)=11432186
[3/15/2019 11:46:15 AM] Applied a tax of (0) to 33118's Income (0) and completed operation 99919901-(0*0.01)=99919901
[3/15/2019 11:46:15 AM] Applied a tax of (1) to 05766's Income (111) and completed operation 398235-(111*0.01)=398234
[3/15/2019 11:46:15 AM] Applied a tax of (11) to 09330's Income (1111) and completed operation 2400660-(1111*0.01)=2400649
[3/15/2019 11:46:15 AM] Applied a tax of (0) to 50211's Income (0) and completed operation 2400660-(0*0.01)=2400649
[3/15/2019 11:46:15 AM] Applied a tax of (0) to 99514's Income (0) and completed operation 2400660-(0*0.01)=2400649
[3/15/2019 11:46:16 AM] Applied a tax of (0) to 55704's Income (0) and completed operation 2397360-(0*0.01)=2397360
[3/15/2019 11:46:16 AM] Applied a tax of (0) to 69634's Income (0) and completed operation 2397360-(0*0.01)=2397360
[3/15/2019 11:46:16 AM] Applied a tax of (0) to 21261's Income (0) and completed operation 2397360-(0*0.01)=2397360
[3/15/2019 11:46:16 AM] Applied a tax of (0) to 41649's Income (0) and completed operation 2397360-(0*0.01)=2397360
[3/15/2019 11:46:16 AM] Applied a tax of (0) to 52129's Income (0) and completed operation 2397360-(0*0.01)=2397360
[3/15/2019 11:46:16 AM] Applied a tax of (0) to 89562's Income (0) and completed operation 2397360-(0*0.01)=2397360
[3/15/2019 11:46:16 AM] Applied a tax of (0) to 79870's Income (0) and completed operation 2397360-(0*0.01)=2397360
[3/15/2019 11:46:16 AM] Applied a tax of (0) to 83652's Income (0) and completed operation 2397360-(0*0.01)=2397360
[3/15/2019 11:46:16 AM] Applied a tax of (0) to 17865's Income (0) and completed operation 2397360-(0*0.01)=2397360
[3/15/2019 11:46:16 AM] Applied a tax of (0) to 60890's Income (0) and completed operation 2397360-(0*0.01)=2397360
[3/15/2019 11:46:17 AM] Applied a tax of (0) to 64388's Income (0) and completed operation 2397360-(0*0.01)=2397360
[3/15/2019 11:46:17 AM] Applied a tax of (0) to 95384's Income (0) and completed operation 2397360-(0*0.01)=2397360
[3/15/2019 11:46:17 AM] Applied a tax of (0) to 79063's Income (0) and completed operation 2397360-(0*0.01)=2397360
[3/15/2019 11:46:17 AM] Applied a tax of (0) to 58625's Income (0) and completed operation 2397360-(0*0.01)=2397360
[3/15/2019 11:46:17 AM] Applied a tax of (0) to 76862's Income (0) and completed operation 2397360-(0*0.01)=2397360
[3/15/2019 11:46:17 AM] Applied a tax of (0) to 48964's Income (0) and completed operation 2397360-(0*0.01)=2397360
[3/15/2019 11:46:17 AM] Applied a tax of (60) to 06011's Income (6000) and completed operation 506660-(6000*0.01)=506600
[3/15/2019 11:46:17 AM] Applied a tax of (0) to 51573's Income (0) and completed operation 501140-(0*0.01)=501140
[3/15/2019 11:46:17 AM] Applied a tax of (0) to 15163's Income (0) and completed operation 501140-(0*0.01)=501140
[3/15/2019 11:46:17 AM] Applied a tax of (0) to 34035's Income (0) and completed operation 501140-(0*0.01)=501140
[3/15/2019 11:46:18 AM] Applied a tax of (0) to 46968's Income (0) and completed operation 501140-(0*0.01)=501140
[3/15/2019 11:46:18 AM] Applied a tax of (0) to 40000's Income (0) and completed operation 501140-(0*0.01)=501140
[3/15/2019 11:46:18 AM] Applied a tax of (0) to 31092's Income (0) and completed operation 501140-(0*0.01)=501140
[3/15/2019 11:46:18 AM] Applied a tax of (0) to 82852's Income (0) and completed operation 501140-(0*0.01)=501140
[3/15/2019 11:46:18 AM] Applied a tax of (0) to 76223's Income (0) and completed operation 501140-(0*0.01)=501140
[3/15/2019 11:46:18 AM] Applied a tax of (0) to 40940's Income (0) and completed operation 0-(0*0.01)=0
[3/15/2019 11:46:18 AM] Applied a tax of (0) to 28159's Income (0) and completed operation 0-(0*0)=0
[3/15/2019 11:46:18 AM] Applied a tax of (0) to USER2:12294's Income (0) and completed operation 0-(0*0)=0
[3/15/2019 11:46:18 AM] Applied a tax of (0) to USER3:71787's Income (0) and completed operation 0-(0*0)=0
[3/15/2019 11:46:19 AM] Applied a tax of (0) to USER4:14884's Income (0) and completed operation 0-(0*0)=0
[3/15/2019 11:46:19 AM] Applied a tax of (0) to USER5:98194's Income (0) and completed operation 0-(0*0)=0
[3/15/2019 11:46:19 AM] Applied a tax of (0) to USER6:75633's Income (0) and completed operation 0-(0*0)=0
[3/15/2019 11:46:19 AM] Applied a tax of (0) to USER7:57165's Income (0) and completed operation 0-(0*0)=0
[3/15/2019 11:48:25 AM] Loaded user 1 which is 57174 and has an income of 3,830p
[3/15/2019 11:48:25 AM] Loaded user 2 which is 33118 and has an income of 0p
[3/15/2019 11:48:25 AM] Loaded user 3 which is 05766 and has an income of 111p
[3/15/2019 11:48:25 AM] Loaded user 4 which is 09330 and has an income of 1,111p
[3/15/2019 11:48:26 AM] Loaded user 5 which is 50211 and has an income of 0p
[3/15/2019 11:48:26 AM] Loaded user 6 which is 99514 and has an income of 0p
[3/15/2019 11:48:26 AM] Loaded user 7 which is 55704 and has an income of 0p
[3/15/2019 11:48:26 AM] Loaded user 8 which is 69634 and has an income of 0p
[3/15/2019 11:48:26 AM] Loaded user 9 which is 21261 and has an income of 0p
[3/15/2019 11:48:26 AM] Loaded user 10 which is 41649 and has an income of 0p
[3/15/2019 11:48:26 AM] Loaded user 11 which is 52129 and has an income of 0p
[3/15/2019 11:48:26 AM] Loaded user 12 which is 89562 and has an income of 0p
[3/15/2019 11:48:26 AM] Loaded user 13 which is 79870 and has an income of 0p
[3/15/2019 11:48:26 AM] Loaded user 14 which is 83652 and has an income of 0p
[3/15/2019 11:48:26 AM] Loaded user 15 which is 17865 and has an income of 0p
[3/15/2019 11:48:26 AM] Loaded user 16 which is 60890 and has an income of 0p
[3/15/2019 11:48:26 AM] Loaded user 17 which is 64388 and has an income of 0p
[3/15/2019 11:48:26 AM] Loaded user 18 which is 95384 and has an income of 0p
[3/15/2019 11:48:26 AM] Loaded user 19 which is 79063 and has an income of 0p
[3/15/2019 11:48:26 AM] Loaded user 20 which is 58625 and has an income of 0p
[3/15/2019 11:48:26 AM] Loaded user 21 which is 76862 and has an income of 0p
[3/15/2019 11:48:26 AM] Loaded user 22 which is 48964 and has an income of 0p
[3/15/2019 11:48:26 AM] Loaded user 23 which is 06011 and has an income of 6,000p
[3/15/2019 11:48:26 AM] Loaded user 24 which is 51573 and has an income of 0p
[3/15/2019 11:48:27 AM] Loaded user 25 which is 15163 and has an income of 0p
[3/15/2019 11:48:27 AM] Loaded user 26 which is 34035 and has an income of 0p
[3/15/2019 11:48:27 AM] Loaded user 27 which is 46968 and has an income of 0p
[3/15/2019 11:48:27 AM] Loaded user 28 which is 40000 and has an income of 0p
[3/15/2019 11:48:27 AM] Loaded user 29 which is 31092 and has an income of 0p
[3/15/2019 11:48:27 AM] Loaded user 30 which is 82852 and has an income of 0p
[3/15/2019 11:48:27 AM] Loaded user 31 which is 76223 and has an income of 0p
[3/15/2019 11:48:27 AM] Loaded user 32 which is 40940 and has an income of 0p
[3/15/2019 11:48:27 AM] Loaded Corporate user 33 which is 28159 and has an income of 0p
[3/15/2019 11:48:27 AM] Loaded Corporate user 34 which is 12294 and has an income of 0p
[3/15/2019 11:48:27 AM] Loaded Corporate user 35 which is 71787 and has an income of 0p
[3/15/2019 11:48:27 AM] Loaded Corporate user 36 which is 14884 and has an income of 0p
[3/15/2019 11:48:27 AM] Loaded Corporate user 37 which is 98194 and has an income of 0p
[3/15/2019 11:48:27 AM] Loaded Corporate user 38 which is 75633 and has an income of 0p
[3/15/2019 11:48:27 AM] Loaded Corporate user 39 which is 57165 and has an income of 0p
[3/15/2019 11:48:27 AM] Applied a tax of (38) to 57174's Income (3830) and completed operation 11432186-(3830*0.01)=11432148
[3/15/2019 11:48:27 AM] Applied a tax of (0) to 33118's Income (0) and completed operation 99919901-(0*0.01)=99919901
[3/15/2019 11:48:28 AM] Applied a tax of (1) to 05766's Income (111) and completed operation 398234-(111*0.01)=398233
[3/15/2019 11:48:28 AM] Applied a tax of (11) to 09330's Income (1111) and completed operation 2400649-(1111*0.01)=2400638
[3/15/2019 11:48:28 AM] Applied a tax of (0) to 50211's Income (0) and completed operation 2400649-(0*0.01)=2400638
[3/15/2019 11:48:28 AM] Applied a tax of (0) to 99514's Income (0) and completed operation 2400649-(0*0.01)=2400638
[3/15/2019 11:48:28 AM] Applied a tax of (0) to 55704's Income (0) and completed operation 2397360-(0*0.01)=2397360
[3/15/2019 11:48:28 AM] Applied a tax of (0) to 69634's Income (0) and completed operation 2397360-(0*0.01)=2397360
[3/15/2019 11:48:28 AM] Applied a tax of (0) to 21261's Income (0) and completed operation 2397360-(0*0.01)=2397360
[3/15/2019 11:48:28 AM] Applied a tax of (0) to 41649's Income (0) and completed operation 2397360-(0*0.01)=2397360
[3/15/2019 11:48:28 AM] Applied a tax of (0) to 52129's Income (0) and completed operation 2397360-(0*0.01)=2397360
[3/15/2019 11:48:28 AM] Applied a tax of (0) to 89562's Income (0) and completed operation 2397360-(0*0.01)=2397360
[3/15/2019 11:48:29 AM] Applied a tax of (0) to 79870's Income (0) and completed operation 2397360-(0*0.01)=2397360
[3/15/2019 11:48:29 AM] Applied a tax of (0) to 83652's Income (0) and completed operation 2397360-(0*0.01)=2397360
[3/15/2019 11:48:29 AM] Applied a tax of (0) to 17865's Income (0) and completed operation 2397360-(0*0.01)=2397360
[3/15/2019 11:48:29 AM] Applied a tax of (0) to 60890's Income (0) and completed operation 2397360-(0*0.01)=2397360
[3/15/2019 11:48:29 AM] Applied a tax of (0) to 64388's Income (0) and completed operation 2397360-(0*0.01)=2397360
[3/15/2019 11:48:29 AM] Applied a tax of (0) to 95384's Income (0) and completed operation 2397360-(0*0.01)=2397360
[3/15/2019 11:48:29 AM] Applied a tax of (0) to 79063's Income (0) and completed operation 2397360-(0*0.01)=2397360
[3/15/2019 11:48:29 AM] Applied a tax of (0) to 58625's Income (0) and completed operation 2397360-(0*0.01)=2397360
[3/15/2019 11:48:29 AM] Applied a tax of (0) to 76862's Income (0) and completed operation 2397360-(0*0.01)=2397360
[3/15/2019 11:48:29 AM] Applied a tax of (0) to 48964's Income (0) and completed operation 2397360-(0*0.01)=2397360
[3/15/2019 11:48:30 AM] Applied a tax of (60) to 06011's Income (6000) and completed operation 506600-(6000*0.01)=506540
[3/15/2019 11:48:30 AM] Applied a tax of (0) to 51573's Income (0) and completed operation 501140-(0*0.01)=501140
[3/15/2019 11:48:30 AM] Applied a tax of (0) to 15163's Income (0) and completed operation 501140-(0*0.01)=501140
[3/15/2019 11:48:30 AM] Applied a tax of (0) to 34035's Income (0) and completed operation 501140-(0*0.01)=501140
[3/15/2019 11:48:30 AM] Applied a tax of (0) to 46968's Income (0) and completed operation 501140-(0*0.01)=501140
[3/15/2019 11:48:30 AM] Applied a tax of (0) to 40000's Income (0) and completed operation 501140-(0*0.01)=501140
[3/15/2019 11:48:30 AM] Applied a tax of (0) to 31092's Income (0) and completed operation 501140-(0*0.01)=501140
[3/15/2019 11:48:30 AM] Applied a tax of (0) to 82852's Income (0) and completed operation 501140-(0*0.01)=501140
[3/15/2019 11:48:30 AM] Applied a tax of (0) to 76223's Income (0) and completed operation 501140-(0*0.01)=501140
[3/15/2019 11:48:30 AM] Applied a tax of (0) to 40940's Income (0) and completed operation 0-(0*0.01)=0
[3/15/2019 11:48:31 AM] Applied a tax of (0) to 28159's Income (0) and completed operation 0-(0*0)=0
[3/15/2019 11:48:31 AM] Applied a tax of (0) to 12294's Income (0) and completed operation 500-(0*0)=500
[3/15/2019 11:48:31 AM] Applied a tax of (0) to 71787's Income (0) and completed operation 500-(0*0)=500
[3/15/2019 11:48:31 AM] Applied a tax of (0) to 14884's Income (0) and completed operation 500-(0*0)=500
[3/15/2019 11:48:31 AM] Applied a tax of (0) to 98194's Income (0) and completed operation 500-(0*0)=500
[3/15/2019 11:48:31 AM] Applied a tax of (0) to 75633's Income (0) and completed operation 500-(0*0)=500
[3/15/2019 11:48:31 AM] Applied a tax of (0) to 57165's Income (0) and completed operation 500-(0*0)=500
[3/15/2019 12:07:16 PM] Loaded user 1 which is 57174 and has an income of 3,830p
[3/15/2019 12:07:16 PM] Loaded user 2 which is 33118 and has an income of 0p
[3/15/2019 12:07:16 PM] Loaded user 3 which is 05766 and has an income of 111p
[3/15/2019 12:07:16 PM] Loaded user 4 which is 09330 and has an income of 1,111p
[3/15/2019 12:07:16 PM] Loaded user 5 which is 50211 and has an income of 0p
[3/15/2019 12:07:16 PM] Loaded user 6 which is 99514 and has an income of 0p
[3/15/2019 12:07:16 PM] Loaded user 7 which is 55704 and has an income of 0p
[3/15/2019 12:07:16 PM] Loaded user 8 which is 69634 and has an income of 0p
[3/15/2019 12:07:17 PM] Loaded user 9 which is 21261 and has an income of 0p
[3/15/2019 12:07:17 PM] Loaded user 10 which is 41649 and has an income of 0p
[3/15/2019 12:07:17 PM] Loaded user 11 which is 52129 and has an income of 0p
[3/15/2019 12:07:17 PM] Loaded user 12 which is 89562 and has an income of 0p
[3/15/2019 12:07:17 PM] Loaded user 13 which is 79870 and has an income of 0p
[3/15/2019 12:07:17 PM] Loaded user 14 which is 83652 and has an income of 0p
[3/15/2019 12:07:17 PM] Loaded user 15 which is 17865 and has an income of 0p
[3/15/2019 12:07:17 PM] Loaded user 16 which is 60890 and has an income of 0p
[3/15/2019 12:07:17 PM] Loaded user 17 which is 64388 and has an income of 0p
[3/15/2019 12:07:17 PM] Loaded user 18 which is 95384 and has an income of 0p
[3/15/2019 12:07:17 PM] Loaded user 19 which is 79063 and has an income of 0p
[3/15/2019 12:07:17 PM] Loaded user 20 which is 58625 and has an income of 0p
[3/15/2019 12:07:17 PM] Loaded user 21 which is 76862 and has an income of 0p
[3/15/2019 12:07:17 PM] Loaded user 22 which is 48964 and has an income of 0p
[3/15/2019 12:07:17 PM] Loaded user 23 which is 06011 and has an income of 6,000p
[3/15/2019 12:07:17 PM] Loaded user 24 which is 51573 and has an income of 0p
[3/15/2019 12:07:17 PM] Loaded user 25 which is 15163 and has an income of 0p
[3/15/2019 12:07:17 PM] Loaded user 26 which is 34035 and has an income of 0p
[3/15/2019 12:07:17 PM] Loaded user 27 which is 46968 and has an income of 0p
[3/15/2019 12:07:17 PM] Loaded user 28 which is 40000 and has an income of 0p
[3/15/2019 12:07:18 PM] Loaded user 29 which is 31092 and has an income of 0p
[3/15/2019 12:07:18 PM] Loaded user 30 which is 82852 and has an income of 0p
[3/15/2019 12:07:18 PM] Loaded user 31 which is 76223 and has an income of 0p
[3/15/2019 12:07:18 PM] Loaded user 32 which is 40940 and has an income of 0p
[3/15/2019 12:07:18 PM] Applied a tax of (38) to 57174's Income (3830) and completed operation 11432148-(3830*0.01)=11432110
[3/15/2019 12:07:18 PM] Applied a tax of (0) to 33118's Income (0) and completed operation 99919901-(0*0.01)=99919901
[3/15/2019 12:07:18 PM] Applied a tax of (1) to 05766's Income (111) and completed operation 398233-(111*0.01)=398232
[3/15/2019 12:07:18 PM] Applied a tax of (11) to 09330's Income (1111) and completed operation 2400638-(1111*0.01)=2400627
[3/15/2019 12:07:18 PM] Applied a tax of (0) to 50211's Income (0) and completed operation 2400638-(0*0.01)=2400627
[3/15/2019 12:07:18 PM] Applied a tax of (0) to 99514's Income (0) and completed operation 2400638-(0*0.01)=2400627
[3/15/2019 12:07:18 PM] Applied a tax of (0) to 55704's Income (0) and completed operation 2397360-(0*0.01)=2397360
[3/15/2019 12:07:18 PM] Applied a tax of (0) to 69634's Income (0) and completed operation 2397360-(0*0.01)=2397360
[3/15/2019 12:07:19 PM] Applied a tax of (0) to 21261's Income (0) and completed operation 2397360-(0*0.01)=2397360
[3/15/2019 12:07:19 PM] Applied a tax of (0) to 41649's Income (0) and completed operation 2397360-(0*0.01)=2397360
[3/15/2019 12:07:19 PM] Applied a tax of (0) to 52129's Income (0) and completed operation 2397360-(0*0.01)=2397360
[3/15/2019 12:07:19 PM] Applied a tax of (0) to 89562's Income (0) and completed operation 2397360-(0*0.01)=2397360
[3/15/2019 12:07:19 PM] Applied a tax of (0) to 79870's Income (0) and completed operation 2397360-(0*0.01)=2397360
[3/15/2019 12:07:19 PM] Applied a tax of (0) to 83652's Income (0) and completed operation 2397360-(0*0.01)=2397360
[3/15/2019 12:07:19 PM] Applied a tax of (0) to 17865's Income (0) and completed operation 2397360-(0*0.01)=2397360
[3/15/2019 12:07:19 PM] Applied a tax of (0) to 60890's Income (0) and completed operation 2397360-(0*0.01)=2397360
[3/15/2019 12:07:19 PM] Applied a tax of (0) to 64388's Income (0) and completed operation 2397360-(0*0.01)=2397360
[3/15/2019 12:07:19 PM] Applied a tax of (0) to 95384's Income (0) and completed operation 2397360-(0*0.01)=2397360
[3/15/2019 12:07:20 PM] Applied a tax of (0) to 79063's Income (0) and completed operation 2397360-(0*0.01)=2397360
[3/15/2019 12:07:20 PM] Applied a tax of (0) to 58625's Income (0) and completed operation 2397360-(0*0.01)=2397360
[3/15/2019 12:07:20 PM] Applied a tax of (0) to 76862's Income (0) and completed operation 2397360-(0*0.01)=2397360
[3/15/2019 12:07:20 PM] Applied a tax of (0) to 48964's Income (0) and completed operation 2397360-(0*0.01)=2397360
[3/15/2019 12:07:20 PM] Applied a tax of (60) to 06011's Income (6000) and completed operation 506540-(6000*0.01)=506480
[3/15/2019 12:07:20 PM] Applied a tax of (0) to 51573's Income (0) and completed operation 501140-(0*0.01)=501140
[3/15/2019 12:07:20 PM] Applied a tax of (0) to 15163's Income (0) and completed operation 501140-(0*0.01)=501140
[3/15/2019 12:07:20 PM] Applied a tax of (0) to 34035's Income (0) and completed operation 501140-(0*0.01)=501140
[3/15/2019 12:07:20 PM] Applied a tax of (0) to 46968's Income (0) and completed operation 501140-(0*0.01)=501140
[3/15/2019 12:07:20 PM] Applied a tax of (0) to 40000's Income (0) and completed operation 501140-(0*0.01)=501140
[3/15/2019 12:07:21 PM] Applied a tax of (0) to 31092's Income (0) and completed operation 501140-(0*0.01)=501140
[3/15/2019 12:07:21 PM] Applied a tax of (0) to 82852's Income (0) and completed operation 501140-(0*0.01)=501140
[3/15/2019 12:07:21 PM] Applied a tax of (0) to 76223's Income (0) and completed operation 501140-(0*0.01)=501140
[3/15/2019 12:07:21 PM] Applied a tax of (0) to 40940's Income (0) and completed operation 0-(0*0.01)=0
